{"/home/travis/build/npmtest/node-npmtest-node-powershell/test.js":{"path":"/home/travis/build/npmtest/node-npmtest-node-powershell/test.js","s":{"1":2,"2":2,"3":2,"4":2,"5":2,"6":2,"7":2,"8":1,"9":2,"10":2,"11":1,"12":1,"13":1,"14":1,"15":2,"16":2,"17":2,"18":2,"19":1,"20":1,"21":2,"22":2,"23":2,"24":1,"25":1,"26":1,"27":1,"28":1,"29":1,"30":1,"31":1,"32":1,"33":1,"34":1,"35":1,"36":1,"37":1,"38":1,"39":2,"40":2,"41":1,"42":2,"43":2,"44":1,"45":2,"46":2,"47":1,"48":2,"49":2,"50":1,"51":1,"52":1,"53":1,"54":1},"b":{"1":[2,1,1,1],"2":[1,1,1,1],"3":[1,1],"4":[1,1],"5":[1,1],"6":[1,1],"7":[1,1],"8":[1,1],"9":[1,1],"10":[1,1,1],"11":[1,1],"12":[1,1],"13":[1,1],"14":[1,1],"15":[1,1],"16":[1,1],"17":[1,1]},"f":{"1":2,"2":2,"3":2,"4":2,"5":2,"6":1,"7":1,"8":1,"9":2,"10":2,"11":2,"12":2,"13":1},"fnMap":{"1":{"name":"(anonymous_1)","line":12,"loc":{"start":{"line":12,"column":1},"end":{"line":12,"column":13}}},"2":{"name":"(anonymous_2)","line":19,"loc":{"start":{"line":19,"column":5},"end":{"line":19,"column":17}}},"3":{"name":"(anonymous_3)","line":23,"loc":{"start":{"line":23,"column":24},"end":{"line":23,"column":36}}},"4":{"name":"(anonymous_4)","line":61,"loc":{"start":{"line":61,"column":5},"end":{"line":61,"column":17}}},"5":{"name":"(anonymous_5)","line":82,"loc":{"start":{"line":82,"column":5},"end":{"line":82,"column":17}}},"6":{"name":"(anonymous_6)","line":91,"loc":{"start":{"line":91,"column":77},"end":{"line":94,"column":10}}},"7":{"name":"(anonymous_7)","line":112,"loc":{"start":{"line":112,"column":83},"end":{"line":115,"column":10}},"skip":true},"8":{"name":"(anonymous_8)","line":123,"loc":{"start":{"line":123,"column":77},"end":{"line":126,"column":10}},"skip":true},"9":{"name":"(anonymous_9)","line":139,"loc":{"start":{"line":139,"column":12},"end":{"line":139,"column":40}},"skip":true},"10":{"name":"(anonymous_10)","line":147,"loc":{"start":{"line":147,"column":77},"end":{"line":150,"column":10}},"skip":true},"11":{"name":"(anonymous_11)","line":158,"loc":{"start":{"line":158,"column":83},"end":{"line":161,"column":10}},"skip":true},"12":{"name":"(anonymous_12)","line":169,"loc":{"start":{"line":169,"column":79},"end":{"line":172,"column":10}},"skip":true},"13":{"name":"(anonymous_13)","line":180,"loc":{"start":{"line":180,"column":75},"end":{"line":183,"column":10}},"skip":true}},"statementMap":{"1":{"start":{"line":12,"column":0},"end":{"line":195,"column":5}},"2":{"start":{"line":14,"column":4},"end":{"line":14,"column":14}},"3":{"start":{"line":19,"column":4},"end":{"line":56,"column":9}},"4":{"start":{"line":21,"column":8},"end":{"line":21,"column":19}},"5":{"start":{"line":23,"column":8},"end":{"line":35,"column":13}},"6":{"start":{"line":24,"column":12},"end":{"line":34,"column":13}},"7":{"start":{"line":25,"column":16},"end":{"line":28,"column":30}},"8":{"start":{"line":30,"column":16},"end":{"line":33,"column":27}},"9":{"start":{"line":37,"column":8},"end":{"line":39,"column":21}},"10":{"start":{"line":40,"column":8},"end":{"line":53,"column":9}},"11":{"start":{"line":43,"column":12},"end":{"line":46,"column":14}},"12":{"start":{"line":47,"column":12},"end":{"line":47,"column":18}},"13":{"start":{"line":50,"column":12},"end":{"line":51,"column":46}},"14":{"start":{"line":52,"column":12},"end":{"line":52,"column":18}},"15":{"start":{"line":55,"column":8},"end":{"line":55,"column":35}},"16":{"start":{"line":61,"column":4},"end":{"line":63,"column":9}},"17":{"start":{"line":62,"column":8},"end":{"line":62,"column":15}},"18":{"start":{"line":64,"column":4},"end":{"line":77,"column":5}},"19":{"start":{"line":70,"column":8},"end":{"line":70,"column":14}},"20":{"start":{"line":76,"column":8},"end":{"line":76,"column":14}},"21":{"start":{"line":82,"column":4},"end":{"line":84,"column":9}},"22":{"start":{"line":83,"column":8},"end":{"line":83,"column":15}},"23":{"start":{"line":85,"column":4},"end":{"line":194,"column":5}},"24":{"start":{"line":91,"column":8},"end":{"line":99,"column":10}},"25":{"start":{"line":98,"column":12},"end":{"line":98,"column":35}},"26":{"start":{"line":102,"column":8},"end":{"line":104,"column":63}},"27":{"start":{"line":105,"column":8},"end":{"line":105,"column":14}},"28":{"start":{"line":112,"column":8},"end":{"line":121,"column":10},"skip":true},"29":{"start":{"line":119,"column":12},"end":{"line":119,"column":55},"skip":true},"30":{"start":{"line":120,"column":12},"end":{"line":120,"column":48},"skip":true},"31":{"start":{"line":123,"column":8},"end":{"line":136,"column":10},"skip":true},"32":{"start":{"line":130,"column":12},"end":{"line":130,"column":76},"skip":true},"33":{"start":{"line":131,"column":12},"end":{"line":131,"column":73},"skip":true},"34":{"start":{"line":132,"column":12},"end":{"line":132,"column":74},"skip":true},"35":{"start":{"line":133,"column":12},"end":{"line":133,"column":79},"skip":true},"36":{"start":{"line":134,"column":12},"end":{"line":134,"column":25},"skip":true},"37":{"start":{"line":135,"column":12},"end":{"line":135,"column":45},"skip":true},"38":{"start":{"line":138,"column":8},"end":{"line":145,"column":14},"skip":true},"39":{"start":{"line":143,"column":16},"end":{"line":143,"column":29},"skip":true},"40":{"start":{"line":144,"column":16},"end":{"line":144,"column":55},"skip":true},"41":{"start":{"line":147,"column":8},"end":{"line":156,"column":10},"skip":true},"42":{"start":{"line":154,"column":12},"end":{"line":154,"column":25},"skip":true},"43":{"start":{"line":155,"column":12},"end":{"line":155,"column":45},"skip":true},"44":{"start":{"line":158,"column":8},"end":{"line":167,"column":10},"skip":true},"45":{"start":{"line":165,"column":12},"end":{"line":165,"column":25},"skip":true},"46":{"start":{"line":166,"column":12},"end":{"line":166,"column":48},"skip":true},"47":{"start":{"line":169,"column":8},"end":{"line":178,"column":10},"skip":true},"48":{"start":{"line":176,"column":12},"end":{"line":176,"column":25},"skip":true},"49":{"start":{"line":177,"column":12},"end":{"line":177,"column":46},"skip":true},"50":{"start":{"line":180,"column":8},"end":{"line":189,"column":10},"skip":true},"51":{"start":{"line":187,"column":12},"end":{"line":187,"column":94},"skip":true},"52":{"start":{"line":188,"column":12},"end":{"line":188,"column":48},"skip":true},"53":{"start":{"line":192,"column":8},"end":{"line":192,"column":35},"skip":true},"54":{"start":{"line":193,"column":8},"end":{"line":193,"column":14},"skip":true}},"branchMap":{"1":{"line":25,"type":"binary-expr","locations":[{"start":{"line":25,"column":23},"end":{"line":25,"column":62}},{"start":{"line":26,"column":20},"end":{"line":26,"column":70}},{"start":{"line":27,"column":20},"end":{"line":27,"column":71}},{"start":{"line":28,"column":20},"end":{"line":28,"column":29}}]},"2":{"line":30,"type":"binary-expr","locations":[{"start":{"line":30,"column":23},"end":{"line":30,"column":37}},{"start":{"line":31,"column":20},"end":{"line":31,"column":61}},{"start":{"line":32,"column":20},"end":{"line":32,"column":70}},{"start":{"line":33,"column":20},"end":{"line":33,"column":26}}]},"3":{"line":37,"type":"cond-expr","locations":[{"start":{"line":38,"column":14},"end":{"line":38,"column":20}},{"start":{"line":39,"column":14},"end":{"line":39,"column":20}}]},"4":{"line":40,"type":"switch","locations":[{"start":{"line":42,"column":8},"end":{"line":47,"column":18}},{"start":{"line":49,"column":8},"end":{"line":52,"column":18}}]},"5":{"line":44,"type":"binary-expr","locations":[{"start":{"line":44,"column":16},"end":{"line":44,"column":44}},{"start":{"line":44,"column":48},"end":{"line":44,"column":66}}]},"6":{"line":50,"type":"binary-expr","locations":[{"start":{"line":50,"column":21},"end":{"line":50,"column":49}},{"start":{"line":50,"column":53},"end":{"line":50,"column":72}}]},"7":{"line":64,"type":"switch","locations":[{"start":{"line":69,"column":4},"end":{"line":70,"column":14}},{"start":{"line":75,"column":4},"end":{"line":76,"column":14}}]},"8":{"line":85,"type":"switch","locations":[{"start":{"line":90,"column":4},"end":{"line":105,"column":14}},{"start":{"line":111,"column":4},"end":{"line":193,"column":14},"skip":true}]},"9":{"line":91,"type":"binary-expr","locations":[{"start":{"line":91,"column":42},"end":{"line":91,"column":73}},{"start":{"line":91,"column":77},"end":{"line":99,"column":9}}]},"10":{"line":102,"type":"binary-expr","locations":[{"start":{"line":102,"column":18},"end":{"line":102,"column":32}},{"start":{"line":103,"column":12},"end":{"line":103,"column":53}},{"start":{"line":104,"column":12},"end":{"line":104,"column":61}}]},"11":{"line":112,"type":"binary-expr","locations":[{"start":{"line":112,"column":45},"end":{"line":112,"column":79},"skip":true},{"start":{"line":112,"column":83},"end":{"line":121,"column":9},"skip":true}]},"12":{"line":123,"type":"binary-expr","locations":[{"start":{"line":123,"column":42},"end":{"line":123,"column":73},"skip":true},{"start":{"line":123,"column":77},"end":{"line":136,"column":9},"skip":true}]},"13":{"line":138,"type":"binary-expr","locations":[{"start":{"line":138,"column":48},"end":{"line":138,"column":85},"skip":true},{"start":{"line":139,"column":12},"end":{"line":145,"column":13},"skip":true}]},"14":{"line":147,"type":"binary-expr","locations":[{"start":{"line":147,"column":42},"end":{"line":147,"column":73},"skip":true},{"start":{"line":147,"column":77},"end":{"line":156,"column":9},"skip":true}]},"15":{"line":158,"type":"binary-expr","locations":[{"start":{"line":158,"column":45},"end":{"line":158,"column":79},"skip":true},{"start":{"line":158,"column":83},"end":{"line":167,"column":9},"skip":true}]},"16":{"line":169,"type":"binary-expr","locations":[{"start":{"line":169,"column":43},"end":{"line":169,"column":75},"skip":true},{"start":{"line":169,"column":79},"end":{"line":178,"column":9},"skip":true}]},"17":{"line":180,"type":"binary-expr","locations":[{"start":{"line":180,"column":41},"end":{"line":180,"column":71},"skip":true},{"start":{"line":180,"column":75},"end":{"line":189,"column":9},"skip":true}]}},"code":["/* istanbul instrument in package npmtest_node_powershell */","/*jslint","    bitwise: true,","    browser: true,","    maxerr: 8,","    maxlen: 96,","    node: true,","    nomen: true,","    regexp: true,","    stupid: true","*/","(function () {","    'use strict';","    var local;","","","","    // run shared js-env code - pre-init","    (function () {","        // init local","        local = {};","        // init modeJs","        local.modeJs = (function () {","            try {","                return typeof navigator.userAgent === 'string' &&","                    typeof document.querySelector('body') === 'object' &&","                    typeof XMLHttpRequest.prototype.open === 'function' &&","                    'browser';","            } catch (errorCaughtBrowser) {","                return module.exports &&","                    typeof process.versions.node === 'string' &&","                    typeof require('http').createServer === 'function' &&","                    'node';","            }","        }());","        // init global","        local.global = local.modeJs === 'browser'","            ? window","            : global;","        switch (local.modeJs) {","        // re-init local from window.local","        case 'browser':","            local = local.global.utility2.objectSetDefault(","                local.global.utility2_rollup || local.global.local,","                local.global.utility2","            );","            break;","        // re-init local from example.js","        case 'node':","            local = (local.global.utility2_rollup || require('utility2'))","                .requireExampleJsFromReadme();","            break;","        }","        // export local","        local.global.local = local;","    }());","","","","    // run shared js-env code - function","    (function () {","        return;","    }());","    switch (local.modeJs) {","","","","    // run browser js-env code - function","    case 'browser':","        break;","","","","    // run node js-env code - function","    case 'node':","        break;","    }","","","","    // run shared js-env code - post-init","    (function () {","        return;","    }());","    switch (local.modeJs) {","","","","    // run browser js-env code - post-init","    case 'browser':","        local.testCase_browser_nullCase = local.testCase_browser_nullCase || function (","            options,","            onError","        ) {","        /*","         * this function will test browsers's null-case handling-behavior-behavior","         */","            onError(null, options);","        };","","        // run tests","        local.nop(local.modeTest &&","            document.querySelector('#testRunButton1') &&","            document.querySelector('#testRunButton1').click());","        break;","","","","    // run node js-env code - post-init","    /* istanbul ignore next */","    case 'node':","        local.testCase_buildApidoc_default = local.testCase_buildApidoc_default || function (","            options,","            onError","        ) {","        /*","         * this function will test buildApidoc's default handling-behavior-behavior","         */","            options = { modulePathList: module.paths };","            local.buildApidoc(options, onError);","        };","","        local.testCase_buildApp_default = local.testCase_buildApp_default || function (","            options,","            onError","        ) {","        /*","         * this function will test buildApp's default handling-behavior-behavior","         */","            local.testCase_buildReadme_default(options, local.onErrorThrow);","            local.testCase_buildLib_default(options, local.onErrorThrow);","            local.testCase_buildTest_default(options, local.onErrorThrow);","            local.testCase_buildCustomOrg_default(options, local.onErrorThrow);","            options = [];","            local.buildApp(options, onError);","        };","","        local.testCase_buildCustomOrg_default = local.testCase_buildCustomOrg_default ||","            function (options, onError) {","            /*","             * this function will test buildCustomOrg's default handling-behavior","             */","                options = {};","                local.buildCustomOrg(options, onError);","            };","","        local.testCase_buildLib_default = local.testCase_buildLib_default || function (","            options,","            onError","        ) {","        /*","         * this function will test buildLib's default handling-behavior","         */","            options = {};","            local.buildLib(options, onError);","        };","","        local.testCase_buildReadme_default = local.testCase_buildReadme_default || function (","            options,","            onError","        ) {","        /*","         * this function will test buildReadme's default handling-behavior-behavior","         */","            options = {};","            local.buildReadme(options, onError);","        };","","        local.testCase_buildTest_default = local.testCase_buildTest_default || function (","            options,","            onError","        ) {","        /*","         * this function will test buildTest's default handling-behavior","         */","            options = {};","            local.buildTest(options, onError);","        };","","        local.testCase_webpage_default = local.testCase_webpage_default || function (","            options,","            onError","        ) {","        /*","         * this function will test webpage's default handling-behavior","         */","            options = { modeCoverageMerge: true, url: local.serverLocalHost + '?modeTest=1' };","            local.browserTest(options, onError);","        };","","        // run test-server","        local.testRunServer(local);","        break;","    }","}());",""],"l":{"12":2,"14":2,"19":2,"21":2,"23":2,"24":2,"25":2,"30":1,"37":2,"40":2,"43":1,"47":1,"50":1,"52":1,"55":2,"61":2,"62":2,"64":2,"70":1,"76":1,"82":2,"83":2,"85":2,"91":1,"98":1,"102":1,"105":1,"112":1,"119":1,"120":1,"123":1,"130":1,"131":1,"132":1,"133":1,"134":1,"135":1,"138":1,"143":2,"144":2,"147":1,"154":2,"155":2,"158":1,"165":2,"166":2,"169":1,"176":2,"177":2,"180":1,"187":1,"188":1,"192":1,"193":1}},"/home/travis/build/npmtest/node-npmtest-node-powershell/lib.npmtest_node_powershell.js":{"path":"/home/travis/build/npmtest/node-npmtest-node-powershell/lib.npmtest_node_powershell.js","s":{"1":2,"2":2,"3":2,"4":2,"5":2,"6":2,"7":2,"8":1,"9":2,"10":2,"11":2,"12":2,"13":1,"14":1,"15":1,"16":1},"b":{"1":[2,1,1,1],"2":[1,1,1,1],"3":[1,1],"4":[2,2],"5":[1,1]},"f":{"1":2,"2":2,"3":2},"fnMap":{"1":{"name":"(anonymous_1)","line":12,"loc":{"start":{"line":12,"column":1},"end":{"line":12,"column":13}}},"2":{"name":"(anonymous_2)","line":19,"loc":{"start":{"line":19,"column":5},"end":{"line":19,"column":17}}},"3":{"name":"(anonymous_3)","line":23,"loc":{"start":{"line":23,"column":24},"end":{"line":23,"column":36}}}},"statementMap":{"1":{"start":{"line":12,"column":0},"end":{"line":53,"column":5}},"2":{"start":{"line":14,"column":4},"end":{"line":14,"column":14}},"3":{"start":{"line":19,"column":4},"end":{"line":52,"column":9}},"4":{"start":{"line":21,"column":8},"end":{"line":21,"column":19}},"5":{"start":{"line":23,"column":8},"end":{"line":35,"column":13}},"6":{"start":{"line":24,"column":12},"end":{"line":34,"column":13}},"7":{"start":{"line":25,"column":16},"end":{"line":28,"column":30}},"8":{"start":{"line":30,"column":16},"end":{"line":33,"column":27}},"9":{"start":{"line":37,"column":8},"end":{"line":39,"column":21}},"10":{"start":{"line":41,"column":8},"end":{"line":41,"column":54}},"11":{"start":{"line":43,"column":8},"end":{"line":43,"column":60}},"12":{"start":{"line":45,"column":8},"end":{"line":51,"column":9}},"13":{"start":{"line":46,"column":12},"end":{"line":46,"column":66}},"14":{"start":{"line":48,"column":12},"end":{"line":48,"column":35}},"15":{"start":{"line":49,"column":12},"end":{"line":49,"column":49}},"16":{"start":{"line":50,"column":12},"end":{"line":50,"column":43}}},"branchMap":{"1":{"line":25,"type":"binary-expr","locations":[{"start":{"line":25,"column":23},"end":{"line":25,"column":62}},{"start":{"line":26,"column":20},"end":{"line":26,"column":70}},{"start":{"line":27,"column":20},"end":{"line":27,"column":71}},{"start":{"line":28,"column":20},"end":{"line":28,"column":29}}]},"2":{"line":30,"type":"binary-expr","locations":[{"start":{"line":30,"column":23},"end":{"line":30,"column":37}},{"start":{"line":31,"column":20},"end":{"line":31,"column":61}},{"start":{"line":32,"column":20},"end":{"line":32,"column":70}},{"start":{"line":33,"column":20},"end":{"line":33,"column":26}}]},"3":{"line":37,"type":"cond-expr","locations":[{"start":{"line":38,"column":14},"end":{"line":38,"column":20}},{"start":{"line":39,"column":14},"end":{"line":39,"column":20}}]},"4":{"line":41,"type":"binary-expr","locations":[{"start":{"line":41,"column":16},"end":{"line":41,"column":44}},{"start":{"line":41,"column":48},"end":{"line":41,"column":53}}]},"5":{"line":45,"type":"if","locations":[{"start":{"line":45,"column":8},"end":{"line":45,"column":8}},{"start":{"line":45,"column":8},"end":{"line":45,"column":8}}]}},"code":["/* istanbul instrument in package npmtest_node_powershell */","/*jslint","    bitwise: true,","    browser: true,","    maxerr: 8,","    maxlen: 96,","    node: true,","    nomen: true,","    regexp: true,","    stupid: true","*/","(function () {","    'use strict';","    var local;","","","","    // run shared js-env code - pre-init","    (function () {","        // init local","        local = {};","        // init modeJs","        local.modeJs = (function () {","            try {","                return typeof navigator.userAgent === 'string' &&","                    typeof document.querySelector('body') === 'object' &&","                    typeof XMLHttpRequest.prototype.open === 'function' &&","                    'browser';","            } catch (errorCaughtBrowser) {","                return module.exports &&","                    typeof process.versions.node === 'string' &&","                    typeof require('http').createServer === 'function' &&","                    'node';","            }","        }());","        // init global","        local.global = local.modeJs === 'browser'","            ? window","            : global;","        // init utility2_rollup","        local = local.global.utility2_rollup || local;","        // init lib","        local.local = local.npmtest_node_powershell = local;","        // init exports","        if (local.modeJs === 'browser') {","            local.global.utility2_npmtest_node_powershell = local;","        } else {","            module.exports = local;","            module.exports.__dirname = __dirname;","            module.exports.module = module;","        }","    }());","}());",""],"l":{"12":2,"14":2,"19":2,"21":2,"23":2,"24":2,"25":2,"30":1,"37":2,"41":2,"43":2,"45":2,"46":1,"48":1,"49":1,"50":1}},"/home/travis/build/npmtest/node-npmtest-node-powershell/example.js":{"path":"/home/travis/build/npmtest/node-npmtest-node-powershell/example.js","s":{"1":2,"2":2,"3":2,"4":2,"5":2,"6":2,"7":2,"8":1,"9":2,"10":2,"11":2,"12":2,"13":1,"14":2,"15":2,"16":2,"17":2,"18":2,"19":0,"20":2,"21":1,"22":1,"23":1,"24":1,"25":1,"26":0,"27":0,"28":1,"29":1,"30":2,"31":0,"32":0,"33":0,"34":1,"35":2,"36":2,"37":3,"38":3,"39":3,"40":3,"41":0,"42":3,"43":3,"44":3,"45":1,"46":3,"47":1,"48":1,"49":1,"50":1,"51":1,"52":1,"53":1,"54":1,"55":1,"56":1,"57":0,"58":1,"59":6,"60":6,"61":1,"62":2,"63":0,"64":2,"65":1,"66":1,"67":0,"68":0,"69":0,"70":0,"71":0,"72":0,"73":0,"74":0,"75":0,"76":0,"77":0,"78":0,"79":0,"80":0,"81":0,"82":0,"83":0},"b":{"1":[2,1,1,1],"2":[1,1,1,1],"3":[1,1],"4":[2,2],"5":[1,1],"6":[1,1],"7":[2,0],"8":[2,1,1,1,1,1],"9":[0,2,0],"10":[1,1],"11":[2,1,1],"12":[1,0],"13":[0,2],"14":[2,0,0,0,0,0,0],"15":[0,3],"16":[3,0],"17":[1,1],"18":[0,1],"19":[1,2,0,2],"20":[1,0],"21":[1,1],"22":[0,0],"23":[0,0],"24":[0,0],"25":[0,0],"26":[0,0],"27":[0,0],"28":[0,0]},"f":{"1":2,"2":2,"3":2,"4":2,"5":2,"6":2,"7":3,"8":3,"9":3,"10":1,"11":6,"12":0},"fnMap":{"1":{"name":"(anonymous_1)","line":26,"loc":{"start":{"line":26,"column":1},"end":{"line":26,"column":13}}},"2":{"name":"(anonymous_2)","line":33,"loc":{"start":{"line":33,"column":5},"end":{"line":33,"column":17}}},"3":{"name":"(anonymous_3)","line":37,"loc":{"start":{"line":37,"column":24},"end":{"line":37,"column":36}}},"4":{"name":"(anonymous_4)","line":69,"loc":{"start":{"line":69,"column":31},"end":{"line":69,"column":48}},"skip":true},"5":{"name":"(anonymous_5)","line":78,"loc":{"start":{"line":78,"column":26},"end":{"line":78,"column":45}},"skip":true},"6":{"name":"(anonymous_6)","line":123,"loc":{"start":{"line":123,"column":33},"end":{"line":123,"column":48}},"skip":true},"7":{"name":"(anonymous_7)","line":125,"loc":{"start":{"line":125,"column":27},"end":{"line":125,"column":39}},"skip":true},"8":{"name":"(anonymous_8)","line":133,"loc":{"start":{"line":133,"column":59},"end":{"line":133,"column":74}},"skip":true},"9":{"name":"(anonymous_9)","line":143,"loc":{"start":{"line":143,"column":45},"end":{"line":143,"column":62}},"skip":true},"10":{"name":"(anonymous_10)","line":144,"loc":{"start":{"line":144,"column":73},"end":{"line":144,"column":92}},"skip":true},"11":{"name":"(anonymous_11)","line":272,"loc":{"start":{"line":272,"column":51},"end":{"line":272,"column":77}},"skip":true},"12":{"name":"(anonymous_12)","line":315,"loc":{"start":{"line":315,"column":32},"end":{"line":315,"column":61}},"skip":true}},"statementMap":{"1":{"start":{"line":26,"column":0},"end":{"line":326,"column":5}},"2":{"start":{"line":28,"column":4},"end":{"line":28,"column":14}},"3":{"start":{"line":33,"column":4},"end":{"line":60,"column":9}},"4":{"start":{"line":35,"column":8},"end":{"line":35,"column":19}},"5":{"start":{"line":37,"column":8},"end":{"line":49,"column":13}},"6":{"start":{"line":38,"column":12},"end":{"line":48,"column":13}},"7":{"start":{"line":39,"column":16},"end":{"line":42,"column":30}},"8":{"start":{"line":44,"column":16},"end":{"line":47,"column":27}},"9":{"start":{"line":51,"column":8},"end":{"line":53,"column":21}},"10":{"start":{"line":55,"column":8},"end":{"line":57,"column":45}},"11":{"start":{"line":59,"column":8},"end":{"line":59,"column":35}},"12":{"start":{"line":61,"column":4},"end":{"line":325,"column":5}},"13":{"start":{"line":69,"column":8},"end":{"line":121,"column":10},"skip":true},"14":{"start":{"line":70,"column":12},"end":{"line":88,"column":13},"skip":true},"15":{"start":{"line":76,"column":16},"end":{"line":87,"column":19},"skip":true},"16":{"start":{"line":79,"column":20},"end":{"line":86,"column":21},"skip":true},"17":{"start":{"line":82,"column":24},"end":{"line":82,"column":43},"skip":true},"18":{"start":{"line":83,"column":24},"end":{"line":83,"column":30},"skip":true},"19":{"start":{"line":85,"column":24},"end":{"line":85,"column":49},"skip":true},"20":{"start":{"line":89,"column":12},"end":{"line":107,"column":13},"skip":true},"21":{"start":{"line":92,"column":16},"end":{"line":102,"column":17},"skip":true},"22":{"start":{"line":93,"column":20},"end":{"line":93,"column":86},"skip":true},"23":{"start":{"line":94,"column":20},"end":{"line":95,"column":45},"skip":true},"24":{"start":{"line":96,"column":20},"end":{"line":96,"column":42},"skip":true},"25":{"start":{"line":97,"column":20},"end":{"line":97,"column":48},"skip":true},"26":{"start":{"line":100,"column":20},"end":{"line":100,"column":85},"skip":true},"27":{"start":{"line":101,"column":20},"end":{"line":101,"column":96},"skip":true},"28":{"start":{"line":103,"column":16},"end":{"line":103,"column":22},"skip":true},"29":{"start":{"line":106,"column":16},"end":{"line":106,"column":22},"skip":true},"30":{"start":{"line":108,"column":12},"end":{"line":120,"column":13},"skip":true},"31":{"start":{"line":114,"column":16},"end":{"line":119,"column":17},"skip":true},"32":{"start":{"line":116,"column":20},"end":{"line":116,"column":78},"skip":true},"33":{"start":{"line":118,"column":20},"end":{"line":118,"column":47},"skip":true},"34":{"start":{"line":123,"column":8},"end":{"line":141,"column":11},"skip":true},"35":{"start":{"line":124,"column":12},"end":{"line":124,"column":54},"skip":true},"36":{"start":{"line":125,"column":12},"end":{"line":140,"column":14},"skip":true},"37":{"start":{"line":126,"column":16},"end":{"line":126,"column":28},"skip":true},"38":{"start":{"line":127,"column":16},"end":{"line":127,"column":69},"skip":true},"39":{"start":{"line":128,"column":16},"end":{"line":128,"column":75},"skip":true},"40":{"start":{"line":129,"column":16},"end":{"line":131,"column":17},"skip":true},"41":{"start":{"line":130,"column":20},"end":{"line":130,"column":27},"skip":true},"42":{"start":{"line":133,"column":16},"end":{"line":137,"column":36},"skip":true},"43":{"start":{"line":134,"column":20},"end":{"line":136,"column":55},"skip":true},"44":{"start":{"line":139,"column":16},"end":{"line":139,"column":57},"skip":true},"45":{"start":{"line":143,"column":8},"end":{"line":147,"column":11},"skip":true},"46":{"start":{"line":144,"column":12},"end":{"line":146,"column":15},"skip":true},"47":{"start":{"line":145,"column":16},"end":{"line":145,"column":70},"skip":true},"48":{"start":{"line":149,"column":8},"end":{"line":149,"column":31},"skip":true},"49":{"start":{"line":150,"column":8},"end":{"line":150,"column":14},"skip":true},"50":{"start":{"line":158,"column":8},"end":{"line":158,"column":31},"skip":true},"51":{"start":{"line":160,"column":8},"end":{"line":160,"column":33},"skip":true},"52":{"start":{"line":161,"column":8},"end":{"line":161,"column":37},"skip":true},"53":{"start":{"line":162,"column":8},"end":{"line":162,"column":35},"skip":true},"54":{"start":{"line":164,"column":8},"end":{"line":164,"column":50},"skip":true},"55":{"start":{"line":166,"column":8},"end":{"line":256,"column":2},"skip":true},"56":{"start":{"line":258,"column":8},"end":{"line":286,"column":9},"skip":true},"57":{"start":{"line":259,"column":12},"end":{"line":269,"column":14},"skip":true},"58":{"start":{"line":271,"column":12},"end":{"line":285,"column":19},"skip":true},"59":{"start":{"line":274,"column":20},"end":{"line":274,"column":35},"skip":true},"60":{"start":{"line":275,"column":20},"end":{"line":284,"column":21},"skip":true},"61":{"start":{"line":277,"column":24},"end":{"line":277,"column":64},"skip":true},"62":{"start":{"line":279,"column":24},"end":{"line":279,"column":40},"skip":true},"63":{"start":{"line":281,"column":24},"end":{"line":281,"column":40},"skip":true},"64":{"start":{"line":283,"column":24},"end":{"line":283,"column":39},"skip":true},"65":{"start":{"line":288,"column":8},"end":{"line":290,"column":9},"skip":true},"66":{"start":{"line":289,"column":12},"end":{"line":289,"column":18},"skip":true},"67":{"start":{"line":291,"column":8},"end":{"line":293,"column":54},"skip":true},"68":{"start":{"line":296,"column":8},"end":{"line":301,"column":37},"skip":true},"69":{"start":{"line":303,"column":8},"end":{"line":303,"column":82},"skip":true},"70":{"start":{"line":306,"column":8},"end":{"line":308,"column":9},"skip":true},"71":{"start":{"line":307,"column":12},"end":{"line":307,"column":82},"skip":true},"72":{"start":{"line":310,"column":8},"end":{"line":312,"column":9},"skip":true},"73":{"start":{"line":311,"column":12},"end":{"line":311,"column":18},"skip":true},"74":{"start":{"line":313,"column":8},"end":{"line":313,"column":54},"skip":true},"75":{"start":{"line":314,"column":8},"end":{"line":314,"column":69},"skip":true},"76":{"start":{"line":315,"column":8},"end":{"line":323,"column":36},"skip":true},"77":{"start":{"line":316,"column":12},"end":{"line":316,"column":61},"skip":true},"78":{"start":{"line":317,"column":12},"end":{"line":320,"column":13},"skip":true},"79":{"start":{"line":318,"column":16},"end":{"line":318,"column":75},"skip":true},"80":{"start":{"line":319,"column":16},"end":{"line":319,"column":23},"skip":true},"81":{"start":{"line":321,"column":12},"end":{"line":321,"column":38},"skip":true},"82":{"start":{"line":322,"column":12},"end":{"line":322,"column":27},"skip":true},"83":{"start":{"line":324,"column":8},"end":{"line":324,"column":14},"skip":true}},"branchMap":{"1":{"line":39,"type":"binary-expr","locations":[{"start":{"line":39,"column":23},"end":{"line":39,"column":62}},{"start":{"line":40,"column":20},"end":{"line":40,"column":70}},{"start":{"line":41,"column":20},"end":{"line":41,"column":71}},{"start":{"line":42,"column":20},"end":{"line":42,"column":29}}]},"2":{"line":44,"type":"binary-expr","locations":[{"start":{"line":44,"column":23},"end":{"line":44,"column":37}},{"start":{"line":45,"column":20},"end":{"line":45,"column":61}},{"start":{"line":46,"column":20},"end":{"line":46,"column":70}},{"start":{"line":47,"column":20},"end":{"line":47,"column":26}}]},"3":{"line":51,"type":"cond-expr","locations":[{"start":{"line":52,"column":14},"end":{"line":52,"column":20}},{"start":{"line":53,"column":14},"end":{"line":53,"column":20}}]},"4":{"line":55,"type":"binary-expr","locations":[{"start":{"line":55,"column":16},"end":{"line":55,"column":44}},{"start":{"line":55,"column":49},"end":{"line":57,"column":43}}]},"5":{"line":55,"type":"cond-expr","locations":[{"start":{"line":56,"column":14},"end":{"line":56,"column":59}},{"start":{"line":57,"column":14},"end":{"line":57,"column":43}}]},"6":{"line":61,"type":"switch","locations":[{"start":{"line":68,"column":4},"end":{"line":150,"column":14},"skip":true},{"start":{"line":156,"column":4},"end":{"line":324,"column":14},"skip":true}]},"7":{"line":70,"type":"if","locations":[{"start":{"line":70,"column":12},"end":{"line":70,"column":12},"skip":true},{"start":{"line":70,"column":12},"end":{"line":70,"column":12},"skip":true}]},"8":{"line":70,"type":"binary-expr","locations":[{"start":{"line":70,"column":16},"end":{"line":70,"column":22},"skip":true},{"start":{"line":70,"column":27},"end":{"line":70,"column":32},"skip":true},{"start":{"line":71,"column":20},"end":{"line":71,"column":39},"skip":true},{"start":{"line":72,"column":20},"end":{"line":72,"column":49},"skip":true},{"start":{"line":73,"column":20},"end":{"line":73,"column":58},"skip":true},{"start":{"line":74,"column":20},"end":{"line":74,"column":69},"skip":true}]},"9":{"line":79,"type":"switch","locations":[{"start":{"line":80,"column":20},"end":{"line":80,"column":33},"skip":true},{"start":{"line":81,"column":20},"end":{"line":83,"column":30},"skip":true},{"start":{"line":84,"column":20},"end":{"line":85,"column":49},"skip":true}]},"10":{"line":89,"type":"switch","locations":[{"start":{"line":90,"column":12},"end":{"line":103,"column":22},"skip":true},{"start":{"line":105,"column":12},"end":{"line":106,"column":22},"skip":true}]},"11":{"line":89,"type":"binary-expr","locations":[{"start":{"line":89,"column":20},"end":{"line":89,"column":25},"skip":true},{"start":{"line":89,"column":29},"end":{"line":89,"column":48},"skip":true},{"start":{"line":89,"column":52},"end":{"line":89,"column":74},"skip":true}]},"12":{"line":92,"type":"if","locations":[{"start":{"line":92,"column":16},"end":{"line":92,"column":16},"skip":true},{"start":{"line":92,"column":16},"end":{"line":92,"column":16},"skip":true}]},"13":{"line":108,"type":"if","locations":[{"start":{"line":108,"column":12},"end":{"line":108,"column":12},"skip":true},{"start":{"line":108,"column":12},"end":{"line":108,"column":12},"skip":true}]},"14":{"line":108,"type":"binary-expr","locations":[{"start":{"line":108,"column":16},"end":{"line":108,"column":61},"skip":true},{"start":{"line":108,"column":66},"end":{"line":108,"column":72},"skip":true},{"start":{"line":108,"column":77},"end":{"line":108,"column":82},"skip":true},{"start":{"line":109,"column":20},"end":{"line":109,"column":39},"skip":true},{"start":{"line":110,"column":20},"end":{"line":110,"column":49},"skip":true},{"start":{"line":111,"column":20},"end":{"line":111,"column":58},"skip":true},{"start":{"line":112,"column":20},"end":{"line":112,"column":68},"skip":true}]},"15":{"line":129,"type":"if","locations":[{"start":{"line":129,"column":16},"end":{"line":129,"column":16},"skip":true},{"start":{"line":129,"column":16},"end":{"line":129,"column":16},"skip":true}]},"16":{"line":134,"type":"cond-expr","locations":[{"start":{"line":135,"column":26},"end":{"line":135,"column":29},"skip":true},{"start":{"line":136,"column":26},"end":{"line":136,"column":54},"skip":true}]},"17":{"line":164,"type":"binary-expr","locations":[{"start":{"line":164,"column":27},"end":{"line":164,"column":43},"skip":true},{"start":{"line":164,"column":47},"end":{"line":164,"column":49},"skip":true}]},"18":{"line":258,"type":"if","locations":[{"start":{"line":258,"column":8},"end":{"line":258,"column":8},"skip":true},{"start":{"line":258,"column":8},"end":{"line":258,"column":8},"skip":true}]},"19":{"line":275,"type":"switch","locations":[{"start":{"line":276,"column":20},"end":{"line":277,"column":64},"skip":true},{"start":{"line":278,"column":20},"end":{"line":279,"column":40},"skip":true},{"start":{"line":280,"column":20},"end":{"line":281,"column":40},"skip":true},{"start":{"line":282,"column":20},"end":{"line":283,"column":39},"skip":true}]},"20":{"line":288,"type":"if","locations":[{"start":{"line":288,"column":8},"end":{"line":288,"column":8},"skip":true},{"start":{"line":288,"column":8},"end":{"line":288,"column":8},"skip":true}]},"21":{"line":288,"type":"binary-expr","locations":[{"start":{"line":288,"column":12},"end":{"line":288,"column":40},"skip":true},{"start":{"line":288,"column":44},"end":{"line":288,"column":67},"skip":true}]},"22":{"line":292,"type":"binary-expr","locations":[{"start":{"line":292,"column":12},"end":{"line":292,"column":50},"skip":true},{"start":{"line":293,"column":12},"end":{"line":293,"column":53},"skip":true}]},"23":{"line":297,"type":"binary-expr","locations":[{"start":{"line":297,"column":12},"end":{"line":297,"column":73},"skip":true},{"start":{"line":298,"column":12},"end":{"line":301,"column":36},"skip":true}]},"24":{"line":303,"type":"binary-expr","locations":[{"start":{"line":303,"column":43},"end":{"line":303,"column":75},"skip":true},{"start":{"line":303,"column":79},"end":{"line":303,"column":81},"skip":true}]},"25":{"line":306,"type":"if","locations":[{"start":{"line":306,"column":8},"end":{"line":306,"column":8},"skip":true},{"start":{"line":306,"column":8},"end":{"line":306,"column":8},"skip":true}]},"26":{"line":310,"type":"if","locations":[{"start":{"line":310,"column":8},"end":{"line":310,"column":8},"skip":true},{"start":{"line":310,"column":8},"end":{"line":310,"column":8},"skip":true}]},"27":{"line":313,"type":"binary-expr","locations":[{"start":{"line":313,"column":27},"end":{"line":313,"column":43},"skip":true},{"start":{"line":313,"column":47},"end":{"line":313,"column":53},"skip":true}]},"28":{"line":317,"type":"if","locations":[{"start":{"line":317,"column":12},"end":{"line":317,"column":12},"skip":true},{"start":{"line":317,"column":12},"end":{"line":317,"column":12},"skip":true}]}},"code":["/*","example.js","","quickstart example","","instruction","    1. save this script as example.js","    2. run the shell command:","        $ npm install npmtest-node-powershell && PORT=8081 node example.js","    3. play with the browser-demo on http://127.0.0.1:8081","*/","","","","/* istanbul instrument in package npmtest_node_powershell */","/*jslint","    bitwise: true,","    browser: true,","    maxerr: 8,","    maxlen: 96,","    node: true,","    nomen: true,","    regexp: true,","    stupid: true","*/","(function () {","    'use strict';","    var local;","","","","    // run shared js-env code - pre-init","    (function () {","        // init local","        local = {};","        // init modeJs","        local.modeJs = (function () {","            try {","                return typeof navigator.userAgent === 'string' &&","                    typeof document.querySelector('body') === 'object' &&","                    typeof XMLHttpRequest.prototype.open === 'function' &&","                    'browser';","            } catch (errorCaughtBrowser) {","                return module.exports &&","                    typeof process.versions.node === 'string' &&","                    typeof require('http').createServer === 'function' &&","                    'node';","            }","        }());","        // init global","        local.global = local.modeJs === 'browser'","            ? window","            : global;","        // init utility2_rollup","        local = local.global.utility2_rollup || (local.modeJs === 'browser'","            ? local.global.utility2_npmtest_node_powershell","            : global.utility2_moduleExports);","        // export local","        local.global.local = local;","    }());","    switch (local.modeJs) {","","","","    // post-init","    // run browser js-env code - post-init","    /* istanbul ignore next */","    case 'browser':","        local.testRunBrowser = function (event) {","            if (!event || (event &&","                    event.currentTarget &&","                    event.currentTarget.className &&","                    event.currentTarget.className.includes &&","                    event.currentTarget.className.includes('onreset'))) {","                // reset output","                Array.from(","                    document.querySelectorAll('body > .resettable')","                ).forEach(function (element) {","                    switch (element.tagName) {","                    case 'INPUT':","                    case 'TEXTAREA':","                        element.value = '';","                        break;","                    default:","                        element.textContent = '';","                    }","                });","            }","            switch (event && event.currentTarget && event.currentTarget.id) {","            case 'testRunButton1':","                // show tests","                if (document.querySelector('#testReportDiv1').style.display === 'none') {","                    document.querySelector('#testReportDiv1').style.display = 'block';","                    document.querySelector('#testRunButton1').textContent =","                        'hide internal test';","                    local.modeTest = true;","                    local.testRunDefault(local);","                // hide tests","                } else {","                    document.querySelector('#testReportDiv1').style.display = 'none';","                    document.querySelector('#testRunButton1').textContent = 'run internal test';","                }","                break;","            // custom-case","            default:","                break;","            }","            if (document.querySelector('#inputTextareaEval1') && (!event || (event &&","                    event.currentTarget &&","                    event.currentTarget.className &&","                    event.currentTarget.className.includes &&","                    event.currentTarget.className.includes('oneval')))) {","                // try to eval input-code","                try {","                    /*jslint evil: true*/","                    eval(document.querySelector('#inputTextareaEval1').value);","                } catch (errorCaught) {","                    console.error(errorCaught);","                }","            }","        };","        // log stderr and stdout to #outputTextareaStdout1","        ['error', 'log'].forEach(function (key) {","            console[key + '_original'] = console[key];","            console[key] = function () {","                var element;","                console[key + '_original'].apply(console, arguments);","                element = document.querySelector('#outputTextareaStdout1');","                if (!element) {","                    return;","                }","                // append text to #outputTextareaStdout1","                element.value += Array.from(arguments).map(function (arg) {","                    return typeof arg === 'string'","                        ? arg","                        : JSON.stringify(arg, null, 4);","                }).join(' ') + '\\n';","                // scroll textarea to bottom","                element.scrollTop = element.scrollHeight;","            };","        });","        // init event-handling","        ['change', 'click', 'keyup'].forEach(function (event) {","            Array.from(document.querySelectorAll('.on' + event)).forEach(function (element) {","                element.addEventListener(event, local.testRunBrowser);","            });","        });","        // run tests","        local.testRunBrowser();","        break;","","","","    // run node js-env code - post-init","    /* istanbul ignore next */","    case 'node':","        // export local","        module.exports = local;","        // require modules","        local.fs = require('fs');","        local.http = require('http');","        local.url = require('url');","        // init assets","        local.assetsDict = local.assetsDict || {};","        /* jslint-ignore-begin */","        local.assetsDict['/assets.index.template.html'] = '\\","<!doctype html>\\n\\","<html lang=\"en\">\\n\\","<head>\\n\\","<meta charset=\"UTF-8\">\\n\\","<meta name=\"viewport\" content=\"width=device-width, initial-scale=1\">\\n\\","<title>{{env.npm_package_name}} (v{{env.npm_package_version}})</title>\\n\\","<style>\\n\\","/*csslint\\n\\","    box-sizing: false,\\n\\","    universal-selector: false\\n\\","*/\\n\\","* {\\n\\","    box-sizing: border-box;\\n\\","}\\n\\","body {\\n\\","    background: #dde;\\n\\","    font-family: Arial, Helvetica, sans-serif;\\n\\","    margin: 2rem;\\n\\","}\\n\\","body > * {\\n\\","    margin-bottom: 1rem;\\n\\","}\\n\\",".utility2FooterDiv {\\n\\","    margin-top: 20px;\\n\\","    text-align: center;\\n\\","}\\n\\","</style>\\n\\","<style>\\n\\","/*csslint\\n\\","*/\\n\\","textarea {\\n\\","    font-family: monospace;\\n\\","    height: 10rem;\\n\\","    width: 100%;\\n\\","}\\n\\","textarea[readonly] {\\n\\","    background: #ddd;\\n\\","}\\n\\","</style>\\n\\","</head>\\n\\","<body>\\n\\","<!-- utility2-comment\\n\\","<div id=\"ajaxProgressDiv1\" style=\"background: #d00; height: 2px; left: 0; margin: 0; padding: 0; position: fixed; top: 0; transition: background 0.5s, width 1.5s; width: 25%;\"></div>\\n\\","utility2-comment -->\\n\\","<h1>\\n\\","<!-- utility2-comment\\n\\","    <a\\n\\","        {{#if env.npm_package_homepage}}\\n\\","        href=\"{{env.npm_package_homepage}}\"\\n\\","        {{/if env.npm_package_homepage}}\\n\\","        target=\"_blank\"\\n\\","    >\\n\\","utility2-comment -->\\n\\","        {{env.npm_package_name}} (v{{env.npm_package_version}})\\n\\","<!-- utility2-comment\\n\\","    </a>\\n\\","utility2-comment -->\\n\\","</h1>\\n\\","<h3>{{env.npm_package_description}}</h3>\\n\\","<!-- utility2-comment\\n\\","<h4><a download href=\"assets.app.js\">download standalone app</a></h4>\\n\\","<button class=\"onclick onreset\" id=\"testRunButton1\">run internal test</button><br>\\n\\","<div id=\"testReportDiv1\" style=\"display: none;\"></div>\\n\\","utility2-comment -->\\n\\","\\n\\","\\n\\","\\n\\","<label>stderr and stdout</label>\\n\\","<textarea class=\"resettable\" id=\"outputTextareaStdout1\" readonly></textarea>\\n\\","<!-- utility2-comment\\n\\","{{#if isRollup}}\\n\\","<script src=\"assets.app.js\"></script>\\n\\","{{#unless isRollup}}\\n\\","utility2-comment -->\\n\\","<script src=\"assets.utility2.rollup.js\"></script>\\n\\","<script src=\"jsonp.utility2._stateInit?callback=window.utility2._stateInit\"></script>\\n\\","<script src=\"assets.npmtest_node_powershell.rollup.js\"></script>\\n\\","<script src=\"assets.example.js\"></script>\\n\\","<script src=\"assets.test.js\"></script>\\n\\","<!-- utility2-comment\\n\\","{{/if isRollup}}\\n\\","utility2-comment -->\\n\\","<div class=\"utility2FooterDiv\">\\n\\","    [ this app was created with\\n\\","    <a href=\"https://github.com/kaizhu256/node-utility2\" target=\"_blank\">utility2</a>\\n\\","    ]\\n\\","</div>\\n\\","</body>\\n\\","</html>\\n\\","';","        /* jslint-ignore-end */","        if (local.templateRender) {","            local.assetsDict['/'] = local.templateRender(","                local.assetsDict['/assets.index.template.html'],","                {","                    env: local.objectSetDefault(local.env, {","                        npm_package_description: 'the greatest app in the world!',","                        npm_package_name: 'my-app',","                        npm_package_nameAlias: 'my_app',","                        npm_package_version: '0.0.1'","                    })","                }","            );","        } else {","            local.assetsDict['/'] = local.assetsDict['/assets.index.template.html']","                .replace((/\\{\\{env\\.(\\w+?)\\}\\}/g), function (match0, match1) {","                    // jslint-hack","                    String(match0);","                    switch (match1) {","                    case 'npm_package_description':","                        return 'the greatest app in the world!';","                    case 'npm_package_name':","                        return 'my-app';","                    case 'npm_package_nameAlias':","                        return 'my_app';","                    case 'npm_package_version':","                        return '0.0.1';","                    }","                });","        }","        // run the cli","        if (local.global.utility2_rollup || module !== require.main) {","            break;","        }","        local.assetsDict['/assets.example.js'] =","            local.assetsDict['/assets.example.js'] ||","            local.fs.readFileSync(__filename, 'utf8');","        // bug-workaround - long $npm_package_buildCustomOrg","        /* jslint-ignore-begin */","        local.assetsDict['/assets.npmtest_node_powershell.rollup.js'] =","            local.assetsDict['/assets.npmtest_node_powershell.rollup.js'] ||","            local.fs.readFileSync(","                local.npmtest_node_powershell.__dirname + '/lib.npmtest_node_powershell.js',","                'utf8'","            ).replace((/^#!/), '//');","        /* jslint-ignore-end */","        local.assetsDict['/favicon.ico'] = local.assetsDict['/favicon.ico'] || '';","        // if $npm_config_timeout_exit exists,","        // then exit this process after $npm_config_timeout_exit ms","        if (Number(process.env.npm_config_timeout_exit)) {","            setTimeout(process.exit, Number(process.env.npm_config_timeout_exit));","        }","        // start server","        if (local.global.utility2_serverHttp1) {","            break;","        }","        process.env.PORT = process.env.PORT || '8081';","        console.error('server starting on port ' + process.env.PORT);","        local.http.createServer(function (request, response) {","            request.urlParsed = local.url.parse(request.url);","            if (local.assetsDict[request.urlParsed.pathname] !== undefined) {","                response.end(local.assetsDict[request.urlParsed.pathname]);","                return;","            }","            response.statusCode = 404;","            response.end();","        }).listen(process.env.PORT);","        break;","    }","}());",""],"l":{"26":2,"28":2,"33":2,"35":2,"37":2,"38":2,"39":2,"44":1,"51":2,"55":2,"59":2,"61":2,"69":1,"70":2,"76":2,"79":2,"82":2,"83":2,"85":1,"89":2,"92":1,"93":1,"94":1,"96":1,"97":1,"100":1,"101":1,"103":1,"106":1,"108":2,"114":1,"116":1,"118":1,"123":1,"124":2,"125":2,"126":3,"127":3,"128":3,"129":3,"130":1,"133":3,"134":3,"139":3,"143":1,"144":3,"145":1,"149":1,"150":1,"158":1,"160":1,"161":1,"162":1,"164":1,"166":1,"258":1,"259":1,"271":1,"274":6,"275":6,"277":1,"279":2,"281":1,"283":2,"288":1,"289":1,"291":1,"296":1,"303":1,"306":1,"307":1,"310":1,"311":1,"313":1,"314":1,"315":1,"316":1,"317":1,"318":1,"319":1,"321":1,"322":1,"324":1}},"/home/travis/build/npmtest/node-npmtest-node-powershell/node_modules/node-powershell/dist/index.js":{"path":"/home/travis/build/npmtest/node-npmtest-node-powershell/node_modules/node-powershell/dist/index.js","s":{"1":1,"2":1,"3":1,"4":1,"5":1},"b":{},"f":{"1":1},"fnMap":{"1":{"name":"get","line":19,"loc":{"start":{"line":19,"column":7},"end":{"line":19,"column":22}}}},"statementMap":{"1":{"start":{"line":11,"column":0},"end":{"line":13,"column":3}},"2":{"start":{"line":15,"column":0},"end":{"line":15,"column":32}},"3":{"start":{"line":17,"column":0},"end":{"line":22,"column":3}},"4":{"start":{"line":20,"column":4},"end":{"line":20,"column":24}},"5":{"start":{"line":23,"column":0},"end":{"line":23,"column":36}}},"branchMap":{},"code":["/*********************************************************"," * node-powershell - Certainly the easiest way to run PowerShell from your NodeJS app"," * @version v3.1.0"," * @link http://rannn505.github.io/node-powershell/"," * @copyright Copyright (c) 2017 Ran Cohen <rannn505@outlook.com>"," * @license MIT (http://www.opensource.org/licenses/mit-license.php)"," * @Compiled At: 2017-03-02","  *********************************************************/","'use strict';","","Object.defineProperty(exports, \"__esModule\", {","  value: true","});","","var _Shell = require('./Shell');","","Object.defineProperty(exports, 'default', {","  enumerable: true,","  get: function get() {","    return _Shell.Shell;","  }","});","module.exports = exports['default'];"],"l":{"11":1,"15":1,"17":1,"20":1,"23":1}},"/home/travis/build/npmtest/node-npmtest-node-powershell/node_modules/node-powershell/dist/Shell.js":{"path":"/home/travis/build/npmtest/node-npmtest-node-powershell/node_modules/node-powershell/dist/Shell.js","s":{"1":1,"2":1,"3":0,"4":0,"5":1,"6":1,"7":1,"8":4,"9":4,"10":4,"11":4,"12":4,"13":4,"14":1,"15":1,"16":1,"17":1,"18":0,"19":1,"20":1,"21":0,"22":0,"23":0,"24":0,"25":0,"26":1,"27":0,"28":0,"29":1,"30":0,"31":0,"32":0,"33":1,"34":1,"35":0,"36":1,"37":1,"38":1,"39":1,"40":1,"41":1,"42":1,"43":1,"44":1,"45":1,"46":1,"47":1,"48":1,"49":1,"50":1,"51":1,"52":1,"53":1,"54":0,"55":0,"56":0,"57":0,"58":0,"59":0,"60":0,"61":0,"62":0,"63":0,"64":0,"65":0,"66":0,"67":0,"68":0,"69":0,"70":0,"71":0,"72":0,"73":0,"74":0,"75":0,"76":0,"77":0,"78":0,"79":0,"80":0,"81":0,"82":0,"83":0,"84":0,"85":0,"86":0,"87":0,"88":0,"89":0,"90":0,"91":1,"92":0,"93":0,"94":0,"95":0,"96":0,"97":0,"98":0,"99":0,"100":0,"101":0,"102":0,"103":0,"104":0,"105":0,"106":0,"107":0,"108":0,"109":0,"110":0,"111":0,"112":0,"113":0,"114":0,"115":0,"116":0,"117":0,"118":0,"119":0,"120":0,"121":0,"122":0,"123":0,"124":0,"125":0,"126":0,"127":0,"128":0,"129":0,"130":0,"131":0,"132":0,"133":0,"134":0,"135":0,"136":0,"137":0,"138":0,"139":0,"140":0,"141":0,"142":0,"143":0,"144":0,"145":0,"146":0,"147":0,"148":0,"149":0,"150":0,"151":0,"152":0,"153":0,"154":0,"155":0,"156":0,"157":0,"158":0,"159":1,"160":0,"161":0,"162":0,"163":1,"164":0,"165":0,"166":0,"167":1,"168":0,"169":0,"170":0,"171":0,"172":0,"173":0,"174":0,"175":0,"176":0,"177":0,"178":0,"179":0,"180":0,"181":0,"182":0,"183":0,"184":0,"185":0,"186":0,"187":0,"188":0,"189":0,"190":1},"b":{"1":[1,0],"2":[1,1],"3":[0,0],"4":[0,0,0,0],"5":[4,4],"6":[4,0],"7":[1,0],"8":[0,1],"9":[0,0],"10":[0,0],"11":[0,0],"12":[0,0],"13":[0,0,0],"14":[0,1],"15":[1,0],"16":[1,1],"17":[1,0],"18":[1,0],"19":[0,0],"20":[0,0],"21":[0,0],"22":[0,0],"23":[0,0],"24":[0,0],"25":[0,0],"26":[0,0],"27":[0,0],"28":[0,0],"29":[0,0],"30":[0,0],"31":[0,0],"32":[0,0],"33":[0,0],"34":[0,0],"35":[0,0],"36":[0,0],"37":[0,0],"38":[0,0],"39":[0,0,0],"40":[0,0],"41":[0,0],"42":[0,0,0,0,0,0,0],"43":[0,0],"44":[0,0,0],"45":[0,0],"46":[0,0],"47":[0,0],"48":[0,0],"49":[0,0],"50":[0,0],"51":[0,0],"52":[0,0],"53":[0,0],"54":[0,0],"55":[0,0],"56":[0,0],"57":[0,0]},"f":{"1":0,"2":0,"3":1,"4":1,"5":1,"6":0,"7":0,"8":0,"9":1,"10":1,"11":0,"12":0,"13":0,"14":0,"15":0,"16":0,"17":0,"18":0,"19":0,"20":0,"21":0,"22":0,"23":0,"24":0,"25":0,"26":0,"27":0},"fnMap":{"1":{"name":"(anonymous_1)","line":15,"loc":{"start":{"line":15,"column":84},"end":{"line":15,"column":99}}},"2":{"name":"(anonymous_2)","line":15,"loc":{"start":{"line":15,"column":124},"end":{"line":15,"column":139}}},"3":{"name":"(anonymous_3)","line":17,"loc":{"start":{"line":17,"column":19},"end":{"line":17,"column":31}}},"4":{"name":"defineProperties","line":17,"loc":{"start":{"line":17,"column":33},"end":{"line":17,"column":74}}},"5":{"name":"(anonymous_5)","line":17,"loc":{"start":{"line":17,"column":357},"end":{"line":17,"column":405}}},"6":{"name":"_toConsumableArray","line":19,"loc":{"start":{"line":19,"column":0},"end":{"line":19,"column":33}}},"7":{"name":"_classCallCheck","line":21,"loc":{"start":{"line":21,"column":0},"end":{"line":21,"column":48}}},"8":{"name":"_possibleConstructorReturn","line":23,"loc":{"start":{"line":23,"column":0},"end":{"line":23,"column":48}}},"9":{"name":"_inherits","line":25,"loc":{"start":{"line":25,"column":0},"end":{"line":25,"column":41}}},"10":{"name":"(anonymous_10)","line":50,"loc":{"start":{"line":50,"column":28},"end":{"line":50,"column":53}}},"11":{"name":"Shell","line":53,"loc":{"start":{"line":53,"column":2},"end":{"line":53,"column":19}}},"12":{"name":"(anonymous_12)","line":94,"loc":{"start":{"line":94,"column":28},"end":{"line":94,"column":45}}},"13":{"name":"(anonymous_13)","line":105,"loc":{"start":{"line":105,"column":34},"end":{"line":105,"column":50}}},"14":{"name":"(anonymous_14)","line":115,"loc":{"start":{"line":115,"column":34},"end":{"line":115,"column":51}}},"15":{"name":"__print__","line":135,"loc":{"start":{"line":135,"column":11},"end":{"line":135,"column":41}}},"16":{"name":"addCommand","line":140,"loc":{"start":{"line":140,"column":11},"end":{"line":140,"column":40}}},"17":{"name":"(anonymous_17)","line":144,"loc":{"start":{"line":144,"column":25},"end":{"line":144,"column":52}}},"18":{"name":"(anonymous_18)","line":162,"loc":{"start":{"line":162,"column":25},"end":{"line":162,"column":37}}},"19":{"name":"(anonymous_19)","line":205,"loc":{"start":{"line":205,"column":55},"end":{"line":205,"column":72}}},"20":{"name":"invoke","line":245,"loc":{"start":{"line":245,"column":11},"end":{"line":245,"column":29}}},"21":{"name":"(anonymous_21)","line":247,"loc":{"start":{"line":247,"column":25},"end":{"line":247,"column":52}}},"22":{"name":"resolve_listener","line":252,"loc":{"start":{"line":252,"column":8},"end":{"line":252,"column":40}}},"23":{"name":"reject_listener","line":257,"loc":{"start":{"line":257,"column":8},"end":{"line":257,"column":40}}},"24":{"name":"reset","line":262,"loc":{"start":{"line":262,"column":8},"end":{"line":262,"column":25}}},"25":{"name":"dispose","line":279,"loc":{"start":{"line":279,"column":11},"end":{"line":279,"column":30}}},"26":{"name":"(anonymous_26)","line":281,"loc":{"start":{"line":281,"column":25},"end":{"line":281,"column":52}}},"27":{"name":"(anonymous_27)","line":282,"loc":{"start":{"line":282,"column":32},"end":{"line":282,"column":48}}}},"statementMap":{"1":{"start":{"line":11,"column":0},"end":{"line":13,"column":3}},"2":{"start":{"line":15,"column":0},"end":{"line":15,"column":269}},"3":{"start":{"line":15,"column":101},"end":{"line":15,"column":119}},"4":{"start":{"line":15,"column":141},"end":{"line":15,"column":266}},"5":{"start":{"line":17,"column":0},"end":{"line":17,"column":564}},"6":{"start":{"line":17,"column":33},"end":{"line":17,"column":349}},"7":{"start":{"line":17,"column":76},"end":{"line":17,"column":347}},"8":{"start":{"line":17,"column":117},"end":{"line":17,"column":143}},"9":{"start":{"line":17,"column":144},"end":{"line":17,"column":199}},"10":{"start":{"line":17,"column":200},"end":{"line":17,"column":231}},"11":{"start":{"line":17,"column":232},"end":{"line":17,"column":286}},"12":{"start":{"line":17,"column":259},"end":{"line":17,"column":286}},"13":{"start":{"line":17,"column":287},"end":{"line":17,"column":345}},"14":{"start":{"line":17,"column":350},"end":{"line":17,"column":559}},"15":{"start":{"line":17,"column":407},"end":{"line":17,"column":475}},"16":{"start":{"line":17,"column":423},"end":{"line":17,"column":475}},"17":{"start":{"line":17,"column":476},"end":{"line":17,"column":536}},"18":{"start":{"line":17,"column":493},"end":{"line":17,"column":536}},"19":{"start":{"line":17,"column":537},"end":{"line":17,"column":556}},"20":{"start":{"line":19,"column":0},"end":{"line":19,"column":195}},"21":{"start":{"line":19,"column":35},"end":{"line":19,"column":193}},"22":{"start":{"line":19,"column":61},"end":{"line":19,"column":145}},"23":{"start":{"line":19,"column":126},"end":{"line":19,"column":143}},"24":{"start":{"line":19,"column":146},"end":{"line":19,"column":158}},"25":{"start":{"line":19,"column":168},"end":{"line":19,"column":191}},"26":{"start":{"line":21,"column":0},"end":{"line":21,"column":153}},"27":{"start":{"line":21,"column":50},"end":{"line":21,"column":151}},"28":{"start":{"line":21,"column":92},"end":{"line":21,"column":149}},"29":{"start":{"line":23,"column":0},"end":{"line":23,"column":240}},"30":{"start":{"line":23,"column":50},"end":{"line":23,"column":151}},"31":{"start":{"line":23,"column":63},"end":{"line":23,"column":149}},"32":{"start":{"line":23,"column":152},"end":{"line":23,"column":238}},"33":{"start":{"line":25,"column":0},"end":{"line":25,"column":494}},"34":{"start":{"line":25,"column":43},"end":{"line":25,"column":208}},"35":{"start":{"line":25,"column":106},"end":{"line":25,"column":206}},"36":{"start":{"line":25,"column":209},"end":{"line":25,"column":373}},"37":{"start":{"line":25,"column":374},"end":{"line":25,"column":492}},"38":{"start":{"line":25,"column":390},"end":{"line":25,"column":492}},"39":{"start":{"line":27,"column":0},"end":{"line":27,"column":23}},"40":{"start":{"line":28,"column":0},"end":{"line":28,"column":27}},"41":{"start":{"line":29,"column":0},"end":{"line":29,"column":50}},"42":{"start":{"line":30,"column":0},"end":{"line":30,"column":43}},"43":{"start":{"line":31,"column":0},"end":{"line":31,"column":30}},"44":{"start":{"line":32,"column":0},"end":{"line":32,"column":34}},"45":{"start":{"line":34,"column":0},"end":{"line":34,"column":36}},"46":{"start":{"line":35,"column":0},"end":{"line":35,"column":39}},"47":{"start":{"line":36,"column":0},"end":{"line":36,"column":43}},"48":{"start":{"line":37,"column":0},"end":{"line":37,"column":26}},"49":{"start":{"line":38,"column":0},"end":{"line":38,"column":27}},"50":{"start":{"line":39,"column":0},"end":{"line":39,"column":16}},"51":{"start":{"line":50,"column":0},"end":{"line":302,"column":16}},"52":{"start":{"line":51,"column":2},"end":{"line":51,"column":34}},"53":{"start":{"line":53,"column":2},"end":{"line":131,"column":3}},"54":{"start":{"line":54,"column":4},"end":{"line":64,"column":73}},"55":{"start":{"line":66,"column":4},"end":{"line":66,"column":33}},"56":{"start":{"line":69,"column":4},"end":{"line":69,"column":111}},"57":{"start":{"line":71,"column":4},"end":{"line":71,"column":21}},"58":{"start":{"line":73,"column":4},"end":{"line":73,"column":24}},"59":{"start":{"line":75,"column":4},"end":{"line":75,"column":20}},"60":{"start":{"line":76,"column":4},"end":{"line":76,"column":35}},"61":{"start":{"line":79,"column":4},"end":{"line":79,"column":80}},"62":{"start":{"line":80,"column":4},"end":{"line":82,"column":5}},"63":{"start":{"line":81,"column":6},"end":{"line":81,"column":63}},"64":{"start":{"line":83,"column":4},"end":{"line":85,"column":5}},"65":{"start":{"line":84,"column":6},"end":{"line":84,"column":86}},"66":{"start":{"line":88,"column":4},"end":{"line":90,"column":7}},"67":{"start":{"line":91,"column":4},"end":{"line":93,"column":5}},"68":{"start":{"line":92,"column":6},"end":{"line":92,"column":172}},"69":{"start":{"line":94,"column":4},"end":{"line":96,"column":7}},"70":{"start":{"line":95,"column":6},"end":{"line":95,"column":172}},"71":{"start":{"line":97,"column":4},"end":{"line":97,"column":49}},"72":{"start":{"line":98,"column":4},"end":{"line":98,"column":51}},"73":{"start":{"line":99,"column":4},"end":{"line":99,"column":51}},"74":{"start":{"line":102,"column":4},"end":{"line":102,"column":21}},"75":{"start":{"line":103,"column":4},"end":{"line":103,"column":27}},"76":{"start":{"line":105,"column":4},"end":{"line":114,"column":7}},"77":{"start":{"line":106,"column":6},"end":{"line":113,"column":7}},"78":{"start":{"line":107,"column":8},"end":{"line":107,"column":44}},"79":{"start":{"line":108,"column":8},"end":{"line":108,"column":21}},"80":{"start":{"line":109,"column":8},"end":{"line":109,"column":27}},"81":{"start":{"line":111,"column":8},"end":{"line":111,"column":35}},"82":{"start":{"line":112,"column":8},"end":{"line":112,"column":27}},"83":{"start":{"line":115,"column":4},"end":{"line":119,"column":7}},"84":{"start":{"line":116,"column":6},"end":{"line":116,"column":31}},"85":{"start":{"line":117,"column":6},"end":{"line":117,"column":26}},"86":{"start":{"line":118,"column":6},"end":{"line":118,"column":24}},"87":{"start":{"line":122,"column":4},"end":{"line":122,"column":35}},"88":{"start":{"line":123,"column":4},"end":{"line":127,"column":6}},"89":{"start":{"line":129,"column":4},"end":{"line":129,"column":73}},"90":{"start":{"line":130,"column":4},"end":{"line":130,"column":17}},"91":{"start":{"line":133,"column":2},"end":{"line":299,"column":6}},"92":{"start":{"line":136,"column":6},"end":{"line":136,"column":70}},"93":{"start":{"line":141,"column":6},"end":{"line":141,"column":90}},"94":{"start":{"line":143,"column":6},"end":{"line":143,"column":23}},"95":{"start":{"line":144,"column":6},"end":{"line":241,"column":9}},"96":{"start":{"line":145,"column":8},"end":{"line":147,"column":9}},"97":{"start":{"line":146,"column":10},"end":{"line":146,"column":57}},"98":{"start":{"line":148,"column":8},"end":{"line":150,"column":9}},"99":{"start":{"line":149,"column":10},"end":{"line":149,"column":62}},"100":{"start":{"line":151,"column":8},"end":{"line":151,"column":35}},"101":{"start":{"line":152,"column":8},"end":{"line":152,"column":45}},"102":{"start":{"line":153,"column":8},"end":{"line":153,"column":38}},"103":{"start":{"line":154,"column":8},"end":{"line":154,"column":39}},"104":{"start":{"line":156,"column":8},"end":{"line":235,"column":9}},"105":{"start":{"line":157,"column":10},"end":{"line":221,"column":11}},"106":{"start":{"line":158,"column":12},"end":{"line":158,"column":36}},"107":{"start":{"line":160,"column":12},"end":{"line":160,"column":75}},"108":{"start":{"line":161,"column":12},"end":{"line":220,"column":13}},"109":{"start":{"line":162,"column":14},"end":{"line":212,"column":18}},"110":{"start":{"line":164,"column":16},"end":{"line":164,"column":47}},"111":{"start":{"line":165,"column":16},"end":{"line":166,"column":36}},"112":{"start":{"line":167,"column":16},"end":{"line":179,"column":17}},"113":{"start":{"line":169,"column":18},"end":{"line":169,"column":37}},"114":{"start":{"line":170,"column":18},"end":{"line":170,"column":39}},"115":{"start":{"line":171,"column":23},"end":{"line":179,"column":17}},"116":{"start":{"line":173,"column":18},"end":{"line":173,"column":35}},"117":{"start":{"line":174,"column":18},"end":{"line":174,"column":40}},"118":{"start":{"line":176,"column":18},"end":{"line":178,"column":20}},"119":{"start":{"line":181,"column":16},"end":{"line":203,"column":17}},"120":{"start":{"line":183,"column":20},"end":{"line":183,"column":137}},"121":{"start":{"line":184,"column":20},"end":{"line":184,"column":26}},"122":{"start":{"line":186,"column":20},"end":{"line":186,"column":36}},"123":{"start":{"line":187,"column":20},"end":{"line":187,"column":26}},"124":{"start":{"line":189,"column":20},"end":{"line":189,"column":36}},"125":{"start":{"line":190,"column":20},"end":{"line":190,"column":26}},"126":{"start":{"line":192,"column":20},"end":{"line":192,"column":57}},"127":{"start":{"line":193,"column":20},"end":{"line":193,"column":26}},"128":{"start":{"line":195,"column":20},"end":{"line":195,"column":53}},"129":{"start":{"line":196,"column":20},"end":{"line":196,"column":26}},"130":{"start":{"line":199,"column":20},"end":{"line":199,"column":36}},"131":{"start":{"line":200,"column":20},"end":{"line":200,"column":26}},"132":{"start":{"line":202,"column":20},"end":{"line":202,"column":77}},"133":{"start":{"line":204,"column":16},"end":{"line":204,"column":38}},"134":{"start":{"line":205,"column":16},"end":{"line":208,"column":19}},"135":{"start":{"line":206,"column":18},"end":{"line":206,"column":35}},"136":{"start":{"line":207,"column":18},"end":{"line":207,"column":52}},"137":{"start":{"line":209,"column":16},"end":{"line":211,"column":17}},"138":{"start":{"line":210,"column":18},"end":{"line":210,"column":88}},"139":{"start":{"line":214,"column":14},"end":{"line":214,"column":106}},"140":{"start":{"line":214,"column":92},"end":{"line":214,"column":106}},"141":{"start":{"line":215,"column":19},"end":{"line":220,"column":13}},"142":{"start":{"line":217,"column":14},"end":{"line":217,"column":53}},"143":{"start":{"line":219,"column":14},"end":{"line":219,"column":83}},"144":{"start":{"line":223,"column":10},"end":{"line":223,"column":35}},"145":{"start":{"line":224,"column":10},"end":{"line":224,"column":31}},"146":{"start":{"line":226,"column":10},"end":{"line":234,"column":11}},"147":{"start":{"line":227,"column":12},"end":{"line":229,"column":13}},"148":{"start":{"line":228,"column":14},"end":{"line":228,"column":33}},"149":{"start":{"line":231,"column":12},"end":{"line":233,"column":13}},"150":{"start":{"line":232,"column":14},"end":{"line":232,"column":35}},"151":{"start":{"line":238,"column":8},"end":{"line":238,"column":34}},"152":{"start":{"line":239,"column":8},"end":{"line":239,"column":37}},"153":{"start":{"line":240,"column":8},"end":{"line":240,"column":36}},"154":{"start":{"line":246,"column":6},"end":{"line":246,"column":23}},"155":{"start":{"line":247,"column":6},"end":{"line":275,"column":9}},"156":{"start":{"line":248,"column":8},"end":{"line":248,"column":46}},"157":{"start":{"line":249,"column":8},"end":{"line":249,"column":58}},"158":{"start":{"line":250,"column":8},"end":{"line":250,"column":72}},"159":{"start":{"line":252,"column":8},"end":{"line":256,"column":9}},"160":{"start":{"line":253,"column":10},"end":{"line":253,"column":63}},"161":{"start":{"line":254,"column":10},"end":{"line":254,"column":18}},"162":{"start":{"line":255,"column":10},"end":{"line":255,"column":31}},"163":{"start":{"line":257,"column":8},"end":{"line":261,"column":9}},"164":{"start":{"line":258,"column":10},"end":{"line":258,"column":64}},"165":{"start":{"line":259,"column":10},"end":{"line":259,"column":18}},"166":{"start":{"line":260,"column":10},"end":{"line":260,"column":42}},"167":{"start":{"line":262,"column":8},"end":{"line":266,"column":9}},"168":{"start":{"line":263,"column":10},"end":{"line":263,"column":61}},"169":{"start":{"line":264,"column":10},"end":{"line":264,"column":59}},"170":{"start":{"line":265,"column":10},"end":{"line":265,"column":27}},"171":{"start":{"line":268,"column":8},"end":{"line":268,"column":47}},"172":{"start":{"line":269,"column":8},"end":{"line":269,"column":45}},"173":{"start":{"line":271,"column":8},"end":{"line":271,"column":42}},"174":{"start":{"line":272,"column":8},"end":{"line":272,"column":40}},"175":{"start":{"line":273,"column":8},"end":{"line":273,"column":47}},"176":{"start":{"line":274,"column":8},"end":{"line":274,"column":40}},"177":{"start":{"line":280,"column":6},"end":{"line":280,"column":23}},"178":{"start":{"line":281,"column":6},"end":{"line":297,"column":9}},"179":{"start":{"line":282,"column":8},"end":{"line":292,"column":11}},"180":{"start":{"line":283,"column":10},"end":{"line":283,"column":91}},"181":{"start":{"line":284,"column":10},"end":{"line":284,"column":34}},"182":{"start":{"line":285,"column":10},"end":{"line":291,"column":11}},"183":{"start":{"line":286,"column":12},"end":{"line":286,"column":49}},"184":{"start":{"line":287,"column":12},"end":{"line":287,"column":60}},"185":{"start":{"line":289,"column":12},"end":{"line":289,"column":46}},"186":{"start":{"line":290,"column":12},"end":{"line":290,"column":50}},"187":{"start":{"line":294,"column":8},"end":{"line":294,"column":40}},"188":{"start":{"line":295,"column":8},"end":{"line":295,"column":40}},"189":{"start":{"line":296,"column":8},"end":{"line":296,"column":32}},"190":{"start":{"line":301,"column":2},"end":{"line":301,"column":15}}},"branchMap":{"1":{"line":15,"type":"cond-expr","locations":[{"start":{"line":15,"column":84},"end":{"line":15,"column":121}},{"start":{"line":15,"column":124},"end":{"line":15,"column":268}}]},"2":{"line":15,"type":"binary-expr","locations":[{"start":{"line":15,"column":14},"end":{"line":15,"column":42}},{"start":{"line":15,"column":46},"end":{"line":15,"column":81}}]},"3":{"line":15,"type":"cond-expr","locations":[{"start":{"line":15,"column":244},"end":{"line":15,"column":252}},{"start":{"line":15,"column":255},"end":{"line":15,"column":265}}]},"4":{"line":15,"type":"binary-expr","locations":[{"start":{"line":15,"column":148},"end":{"line":15,"column":151}},{"start":{"line":15,"column":155},"end":{"line":15,"column":183}},{"start":{"line":15,"column":187},"end":{"line":15,"column":213}},{"start":{"line":15,"column":217},"end":{"line":15,"column":241}}]},"5":{"line":17,"type":"binary-expr","locations":[{"start":{"line":17,"column":168},"end":{"line":17,"column":189}},{"start":{"line":17,"column":193},"end":{"line":17,"column":198}}]},"6":{"line":17,"type":"if","locations":[{"start":{"line":17,"column":232},"end":{"line":17,"column":232}},{"start":{"line":17,"column":232},"end":{"line":17,"column":232}}]},"7":{"line":17,"type":"if","locations":[{"start":{"line":17,"column":407},"end":{"line":17,"column":407}},{"start":{"line":17,"column":407},"end":{"line":17,"column":407}}]},"8":{"line":17,"type":"if","locations":[{"start":{"line":17,"column":476},"end":{"line":17,"column":476}},{"start":{"line":17,"column":476},"end":{"line":17,"column":476}}]},"9":{"line":19,"type":"if","locations":[{"start":{"line":19,"column":35},"end":{"line":19,"column":35}},{"start":{"line":19,"column":35},"end":{"line":19,"column":35}}]},"10":{"line":21,"type":"if","locations":[{"start":{"line":21,"column":50},"end":{"line":21,"column":50}},{"start":{"line":21,"column":50},"end":{"line":21,"column":50}}]},"11":{"line":23,"type":"if","locations":[{"start":{"line":23,"column":50},"end":{"line":23,"column":50}},{"start":{"line":23,"column":50},"end":{"line":23,"column":50}}]},"12":{"line":23,"type":"cond-expr","locations":[{"start":{"line":23,"column":226},"end":{"line":23,"column":230}},{"start":{"line":23,"column":233},"end":{"line":23,"column":237}}]},"13":{"line":23,"type":"binary-expr","locations":[{"start":{"line":23,"column":159},"end":{"line":23,"column":163}},{"start":{"line":23,"column":168},"end":{"line":23,"column":192}},{"start":{"line":23,"column":196},"end":{"line":23,"column":222}}]},"14":{"line":25,"type":"if","locations":[{"start":{"line":25,"column":43},"end":{"line":25,"column":43}},{"start":{"line":25,"column":43},"end":{"line":25,"column":43}}]},"15":{"line":25,"type":"binary-expr","locations":[{"start":{"line":25,"column":47},"end":{"line":25,"column":79}},{"start":{"line":25,"column":83},"end":{"line":25,"column":102}}]},"16":{"line":25,"type":"binary-expr","locations":[{"start":{"line":25,"column":244},"end":{"line":25,"column":254}},{"start":{"line":25,"column":258},"end":{"line":25,"column":278}}]},"17":{"line":25,"type":"if","locations":[{"start":{"line":25,"column":374},"end":{"line":25,"column":374}},{"start":{"line":25,"column":374},"end":{"line":25,"column":374}}]},"18":{"line":25,"type":"cond-expr","locations":[{"start":{"line":25,"column":414},"end":{"line":25,"column":457}},{"start":{"line":25,"column":460},"end":{"line":25,"column":491}}]},"19":{"line":54,"type":"cond-expr","locations":[{"start":{"line":54,"column":68},"end":{"line":54,"column":80}},{"start":{"line":54,"column":83},"end":{"line":54,"column":85}}]},"20":{"line":54,"type":"binary-expr","locations":[{"start":{"line":54,"column":15},"end":{"line":54,"column":35}},{"start":{"line":54,"column":39},"end":{"line":54,"column":65}}]},"21":{"line":56,"type":"cond-expr","locations":[{"start":{"line":56,"column":63},"end":{"line":56,"column":77}},{"start":{"line":56,"column":80},"end":{"line":56,"column":100}}]},"22":{"line":58,"type":"cond-expr","locations":[{"start":{"line":58,"column":59},"end":{"line":58,"column":65}},{"start":{"line":58,"column":68},"end":{"line":58,"column":86}}]},"23":{"line":60,"type":"cond-expr","locations":[{"start":{"line":60,"column":61},"end":{"line":60,"column":67}},{"start":{"line":60,"column":70},"end":{"line":60,"column":89}}]},"24":{"line":62,"type":"cond-expr","locations":[{"start":{"line":62,"column":49},"end":{"line":62,"column":53}},{"start":{"line":62,"column":56},"end":{"line":62,"column":69}}]},"25":{"line":64,"type":"cond-expr","locations":[{"start":{"line":64,"column":51},"end":{"line":64,"column":55}},{"start":{"line":64,"column":58},"end":{"line":64,"column":72}}]},"26":{"line":69,"type":"binary-expr","locations":[{"start":{"line":69,"column":50},"end":{"line":69,"column":65}},{"start":{"line":69,"column":69},"end":{"line":69,"column":97}}]},"27":{"line":80,"type":"if","locations":[{"start":{"line":80,"column":4},"end":{"line":80,"column":4}},{"start":{"line":80,"column":4},"end":{"line":80,"column":4}}]},"28":{"line":83,"type":"if","locations":[{"start":{"line":83,"column":4},"end":{"line":83,"column":4}},{"start":{"line":83,"column":4},"end":{"line":83,"column":4}}]},"29":{"line":88,"type":"cond-expr","locations":[{"start":{"line":88,"column":49},"end":{"line":88,"column":55}},{"start":{"line":88,"column":58},"end":{"line":88,"column":60}}]},"30":{"line":91,"type":"if","locations":[{"start":{"line":91,"column":4},"end":{"line":91,"column":4}},{"start":{"line":91,"column":4},"end":{"line":91,"column":4}}]},"31":{"line":106,"type":"if","locations":[{"start":{"line":106,"column":6},"end":{"line":106,"column":6}},{"start":{"line":106,"column":6},"end":{"line":106,"column":6}}]},"32":{"line":136,"type":"binary-expr","locations":[{"start":{"line":136,"column":6},"end":{"line":136,"column":24}},{"start":{"line":136,"column":28},"end":{"line":136,"column":69}}]},"33":{"line":141,"type":"cond-expr","locations":[{"start":{"line":141,"column":72},"end":{"line":141,"column":84}},{"start":{"line":141,"column":87},"end":{"line":141,"column":89}}]},"34":{"line":141,"type":"binary-expr","locations":[{"start":{"line":141,"column":19},"end":{"line":141,"column":39}},{"start":{"line":141,"column":43},"end":{"line":141,"column":69}}]},"35":{"line":145,"type":"if","locations":[{"start":{"line":145,"column":8},"end":{"line":145,"column":8}},{"start":{"line":145,"column":8},"end":{"line":145,"column":8}}]},"36":{"line":148,"type":"if","locations":[{"start":{"line":148,"column":8},"end":{"line":148,"column":8}},{"start":{"line":148,"column":8},"end":{"line":148,"column":8}}]},"37":{"line":161,"type":"if","locations":[{"start":{"line":161,"column":12},"end":{"line":161,"column":12}},{"start":{"line":161,"column":12},"end":{"line":161,"column":12}}]},"38":{"line":167,"type":"if","locations":[{"start":{"line":167,"column":16},"end":{"line":167,"column":16}},{"start":{"line":167,"column":16},"end":{"line":167,"column":16}}]},"39":{"line":167,"type":"binary-expr","locations":[{"start":{"line":167,"column":20},"end":{"line":167,"column":38}},{"start":{"line":167,"column":42},"end":{"line":167,"column":61}},{"start":{"line":167,"column":65},"end":{"line":167,"column":85}}]},"40":{"line":171,"type":"if","locations":[{"start":{"line":171,"column":23},"end":{"line":171,"column":23}},{"start":{"line":171,"column":23},"end":{"line":171,"column":23}}]},"41":{"line":171,"type":"binary-expr","locations":[{"start":{"line":171,"column":27},"end":{"line":171,"column":45}},{"start":{"line":171,"column":49},"end":{"line":171,"column":57}}]},"42":{"line":181,"type":"switch","locations":[{"start":{"line":182,"column":18},"end":{"line":184,"column":26}},{"start":{"line":185,"column":18},"end":{"line":187,"column":26}},{"start":{"line":188,"column":18},"end":{"line":190,"column":26}},{"start":{"line":191,"column":18},"end":{"line":193,"column":26}},{"start":{"line":194,"column":18},"end":{"line":196,"column":26}},{"start":{"line":197,"column":18},"end":{"line":200,"column":26}},{"start":{"line":201,"column":18},"end":{"line":202,"column":77}}]},"43":{"line":183,"type":"cond-expr","locations":[{"start":{"line":183,"column":109},"end":{"line":183,"column":127}},{"start":{"line":183,"column":130},"end":{"line":183,"column":136}}]},"44":{"line":183,"type":"binary-expr","locations":[{"start":{"line":183,"column":29},"end":{"line":183,"column":46}},{"start":{"line":183,"column":50},"end":{"line":183,"column":76}},{"start":{"line":183,"column":80},"end":{"line":183,"column":106}}]},"45":{"line":192,"type":"cond-expr","locations":[{"start":{"line":192,"column":38},"end":{"line":192,"column":45}},{"start":{"line":192,"column":48},"end":{"line":192,"column":56}}]},"46":{"line":197,"type":"binary-expr","locations":[{"start":{"line":197,"column":23},"end":{"line":197,"column":34}},{"start":{"line":197,"column":38},"end":{"line":197,"column":44}}]},"47":{"line":202,"type":"cond-expr","locations":[{"start":{"line":202,"column":49},"end":{"line":202,"column":67}},{"start":{"line":202,"column":70},"end":{"line":202,"column":76}}]},"48":{"line":209,"type":"if","locations":[{"start":{"line":209,"column":16},"end":{"line":209,"column":16}},{"start":{"line":209,"column":16},"end":{"line":209,"column":16}}]},"49":{"line":210,"type":"cond-expr","locations":[{"start":{"line":210,"column":68},"end":{"line":210,"column":80}},{"start":{"line":210,"column":83},"end":{"line":210,"column":85}}]},"50":{"line":214,"type":"if","locations":[{"start":{"line":214,"column":14},"end":{"line":214,"column":14}},{"start":{"line":214,"column":14},"end":{"line":214,"column":14}}]},"51":{"line":214,"type":"cond-expr","locations":[{"start":{"line":214,"column":49},"end":{"line":214,"column":60}},{"start":{"line":214,"column":63},"end":{"line":214,"column":76}}]},"52":{"line":215,"type":"if","locations":[{"start":{"line":215,"column":19},"end":{"line":215,"column":19}},{"start":{"line":215,"column":19},"end":{"line":215,"column":19}}]},"53":{"line":227,"type":"if","locations":[{"start":{"line":227,"column":12},"end":{"line":227,"column":12}},{"start":{"line":227,"column":12},"end":{"line":227,"column":12}}]},"54":{"line":227,"type":"binary-expr","locations":[{"start":{"line":227,"column":16},"end":{"line":227,"column":42}},{"start":{"line":227,"column":46},"end":{"line":227,"column":62}}]},"55":{"line":231,"type":"if","locations":[{"start":{"line":231,"column":12},"end":{"line":231,"column":12}},{"start":{"line":231,"column":12},"end":{"line":231,"column":12}}]},"56":{"line":250,"type":"binary-expr","locations":[{"start":{"line":250,"column":8},"end":{"line":250,"column":27}},{"start":{"line":250,"column":31},"end":{"line":250,"column":71}}]},"57":{"line":285,"type":"if","locations":[{"start":{"line":285,"column":10},"end":{"line":285,"column":10}},{"start":{"line":285,"column":10},"end":{"line":285,"column":10}}]}},"code":["/*********************************************************"," * node-powershell - Certainly the easiest way to run PowerShell from your NodeJS app"," * @version v3.1.0"," * @link http://rannn505.github.io/node-powershell/"," * @copyright Copyright (c) 2017 Ran Cohen <rannn505@outlook.com>"," * @license MIT (http://www.opensource.org/licenses/mit-license.php)"," * @Compiled At: 2017-03-02","  *********************************************************/","'use strict';","","Object.defineProperty(exports, \"__esModule\", {","  value: true","});","","var _typeof = typeof Symbol === \"function\" && typeof Symbol.iterator === \"symbol\" ? function (obj) { return typeof obj; } : function (obj) { return obj && typeof Symbol === \"function\" && obj.constructor === Symbol && obj !== Symbol.prototype ? \"symbol\" : typeof obj; };","","var _createClass = function () { function defineProperties(target, props) { for (var i = 0; i < props.length; i++) { var descriptor = props[i]; descriptor.enumerable = descriptor.enumerable || false; descriptor.configurable = true; if (\"value\" in descriptor) descriptor.writable = true; Object.defineProperty(target, descriptor.key, descriptor); } } return function (Constructor, protoProps, staticProps) { if (protoProps) defineProperties(Constructor.prototype, protoProps); if (staticProps) defineProperties(Constructor, staticProps); return Constructor; }; }();","","function _toConsumableArray(arr) { if (Array.isArray(arr)) { for (var i = 0, arr2 = Array(arr.length); i < arr.length; i++) { arr2[i] = arr[i]; } return arr2; } else { return Array.from(arr); } }","","function _classCallCheck(instance, Constructor) { if (!(instance instanceof Constructor)) { throw new TypeError(\"Cannot call a class as a function\"); } }","","function _possibleConstructorReturn(self, call) { if (!self) { throw new ReferenceError(\"this hasn't been initialised - super() hasn't been called\"); } return call && (typeof call === \"object\" || typeof call === \"function\") ? call : self; }","","function _inherits(subClass, superClass) { if (typeof superClass !== \"function\" && superClass !== null) { throw new TypeError(\"Super expression must either be null or a function, not \" + typeof superClass); } subClass.prototype = Object.create(superClass && superClass.prototype, { constructor: { value: subClass, enumerable: false, writable: true, configurable: true } }); if (superClass) Object.setPrototypeOf ? Object.setPrototypeOf(subClass, superClass) : subClass.__proto__ = superClass; }","","var os = require('os');","var util = require('util');","var eventEmitter = require('events').EventEmitter;","var spawn = require('child_process').spawn;","var colors = require('chalk');","var promise = require('bluebird');","","var MODULE_NAME = 'node-powershell';","var IS_WIN = os.platform() === 'win32';","var MODULE_MSG = colors.bold.blue('NPS> ');","var OK_MSG = colors.green;","var ERROR_MSG = colors.red;","var EOI = 'EOI';","","/**"," * The Shell class."," *"," * @constructor"," * @param {Object} config The config for the shell instance. https://github.com/rannn505/node-powershell#initializeconstructor"," * @returns {Shell} A Shell instance which allows you to run PowerShell commands from your NodeJS app."," * It exposes a simple API that bridges between your node and a PS child process."," */","","var Shell = exports.Shell = function (_eventEmitter) {","  _inherits(Shell, _eventEmitter);","","  function Shell() {","    var _ref = arguments.length > 0 && arguments[0] !== undefined ? arguments[0] : {},","        _ref$executionPolicy = _ref.executionPolicy,","        executionPolicy = _ref$executionPolicy === undefined ? 'Unrestricted' : _ref$executionPolicy,","        _ref$inputEncoding = _ref.inputEncoding,","        inputEncoding = _ref$inputEncoding === undefined ? 'utf8' : _ref$inputEncoding,","        _ref$outputEncoding = _ref.outputEncoding,","        outputEncoding = _ref$outputEncoding === undefined ? 'utf8' : _ref$outputEncoding,","        _ref$debugMsg = _ref.debugMsg,","        debugMsg = _ref$debugMsg === undefined ? true : _ref$debugMsg,","        _ref$noProfile = _ref.noProfile,","        noProfile = _ref$noProfile === undefined ? true : _ref$noProfile;","","    _classCallCheck(this, Shell);","","    // cmds bulk to run at the next invoke call","    var _this = _possibleConstructorReturn(this, (Shell.__proto__ || Object.getPrototypeOf(Shell)).call(this));","","    _this._cmds = [];","    // history of cmds","    _this._history = [];","    // global config for class","    _this._cfg = {};","    _this._cfg.debugMsg = debugMsg;","","    // arguments for PowerShell process","    var _args = ['-NoLogo', '-NoExit', '-InputFormat', 'Text', '-Command', '-'];","    if (noProfile) {","      _args = ['-NoProfile'].concat(_toConsumableArray(_args));","    }","    if (IS_WIN) {","      _args = ['-ExecutionPolicy', executionPolicy].concat(_toConsumableArray(_args));","    }","","    // the PowerShell process","    _this._proc = spawn('powershell' + (IS_WIN ? '.exe' : ''), _args, {","      stdio: 'pipe'","    });","    if (!_this._proc.pid) {","      throw new Error('Opss... ' + MODULE_NAME + ' was unable to start PowerShell.\\nPlease make sure that PowerShell is installed properly on your system, and try again.');","    }","    _this._proc.on('error', function (error) {","      throw new Error('Opss... ' + MODULE_NAME + ' was unable to start PowerShell.\\nPlease make sure that PowerShell is installed properly on your system, and try again.');","    });","    _this._proc.stdin.setEncoding(inputEncoding);","    _this._proc.stdout.setEncoding(outputEncoding);","    _this._proc.stderr.setEncoding(outputEncoding);","","    // output to print after invoke call","    var _output = [];","    var _type = '_resolve';","","    _this._proc.stdout.on('data', function (data) {","      if (data.indexOf(EOI) !== -1) {","        _this.emit(_type, _output.join(''));","        _output = [];","        _type = '_resolve';","      } else {","        _this.emit('output', data);","        _output.push(data);","      }","    });","    _this._proc.stderr.on('data', function (error) {","      _this.emit('err', error);","      _output.push(error);","      _type = '_reject';","    });","","    // public props","    _this.history = _this._history;","    _this.streams = {","      stdin: _this._proc.stdin,","      stdout: _this._proc.stdout,","      stderr: _this._proc.stderr","    };","","    _this.__print__(OK_MSG, 'Process ' + _this._proc.pid + ' started\\n');","    return _this;","  }","","  _createClass(Shell, [{","    key: '__print__',","    value: function __print__(type, msg) {","      this._cfg.debugMsg && console.log(MODULE_MSG + ' ' + type(msg));","    }","  }, {","    key: 'addCommand',","    value: function addCommand(command) {","      var params = arguments.length > 1 && arguments[1] !== undefined ? arguments[1] : [];","","      var _self = this;","      return new Promise(function (resolve, reject) {","        if (!command) {","          return reject(ERROR_MSG('Command is missing'));","        }","        if (!Array.isArray(params)) {","          return reject(ERROR_MSG('Params must be an array'));","        }","        var _cmdStr = '' + command;","        var _iteratorNormalCompletion = true;","        var _didIteratorError = false;","        var _iteratorError = undefined;","","        try {","          for (var _iterator = params[Symbol.iterator](), _step; !(_iteratorNormalCompletion = (_step = _iterator.next()).done); _iteratorNormalCompletion = true) {","            var param = _step.value;","","            var _type = Object.prototype.toString.call(param).slice(8, -1);","            if (_type === 'Object') {","              var _ret = function () {","                // param is {name: '', value: ''} or {name: value}","                var _keys = Object.keys(param);","                var _name = void 0,","                    _value = void 0;","                if (_keys.length === 2 && _keys[0] === 'name' && _keys[1] === 'value') {","                  // param is {name: '', value: ''}","                  _name = param.name;","                  _value = param.value;","                } else if (_keys.length === 1 && _keys[0]) {","                  // param is {name: value}","                  _name = _keys[0];","                  _value = param[_name];","                } else {","                  return {","                    v: reject(ERROR_MSG('All objecct params need to be {name: \\'\\', value: \\'\\'} or {name: value} structure'))","                  };","                }","                // cast param value from JS data types to PowerShell data types.","                switch (Object.prototype.toString.call(_value).slice(8, -1)) {","                  case 'String':","                    _value = /\\s/.test(_value) || _value.indexOf('<') !== -1 && _value.indexOf('>') !== -1 ? '\"' + _value + '\"' : _value;","                    break;","                  case 'Number':","                    _value = _value;","                    break;","                  case 'Array':","                    _value = _value;","                    break;","                  case 'Boolean':","                    _value = _value ? '$True' : '$False';","                    break;","                  case 'Date':","                    _value = _value.toLocaleString();","                    break;","                  case 'Undefined' || 'Null':","                    // param is switch","                    _value = _value;","                    break;","                  default:","                    _value = /\\s/.test(_value) ? '\"' + _value + '\"' : _value;","                }","                var _replaced = false;","                _cmdStr = _cmdStr.replace('@' + _name, function (match) {","                  _replaced = true;","                  return '-' + _name + ' ' + _value;","                });","                if (!_replaced) {","                  _cmdStr = _cmdStr.concat(' -' + _name + (_value ? ' ' + _value : ''));","                }","              }();","","              if ((typeof _ret === 'undefined' ? 'undefined' : _typeof(_ret)) === \"object\") return _ret.v;","            } else if (_type === 'String') {","              // param is switch","              _cmdStr = _cmdStr.concat(' -' + param);","            } else {","              return reject(ERROR_MSG('All Params need to be objects or strings'));","            }","          }","        } catch (err) {","          _didIteratorError = true;","          _iteratorError = err;","        } finally {","          try {","            if (!_iteratorNormalCompletion && _iterator.return) {","              _iterator.return();","            }","          } finally {","            if (_didIteratorError) {","              throw _iteratorError;","            }","          }","        }","","        ;","        _self._cmds.push(_cmdStr);","        _self._history.push(_cmdStr);","        return resolve(_self._cmds);","      });","    }","  }, {","    key: 'invoke',","    value: function invoke() {","      var _self = this;","      return new Promise(function (resolve, reject) {","        var _cmdsStr = _self._cmds.join('; ');","        _self.__print__(OK_MSG, 'Command invoke started');","        _self._cfg.debugMsg && console.log(' ' + colors.gray(_cmdsStr));","","        function resolve_listener(data) {","          _self.__print__(OK_MSG, 'Command invoke finished\\n');","          reset();","          return resolve(data);","        }","        function reject_listener(error) {","          _self.__print__(ERROR_MSG, 'Command invoke failed\\n');","          reset();","          return reject(ERROR_MSG(error));","        }","        function reset() {","          _self.removeListener('_resolve', resolve_listener);","          _self.removeListener('_reject', reject_listener);","          _self._cmds = [];","        }","","        _self.on('_resolve', resolve_listener);","        _self.on('_reject', reject_listener);","","        _self._proc.stdin.write(_cmdsStr);","        _self._proc.stdin.write(os.EOL);","        _self._proc.stdin.write('echo ' + EOI);","        _self._proc.stdin.write(os.EOL);","      });","    }","  }, {","    key: 'dispose',","    value: function dispose() {","      var _self = this;","      return new Promise(function (resolve, reject) {","        _self._proc.on('close', function (code) {","          var _exitMsg = 'Process ' + _self._proc.pid + ' exited with code ' + code + '\\n';","          _self.emit('end', code);","          if (code == 1) {","            _self.__print__(ERROR_MSG, _exitMsg);","            return reject(ERROR_MSG('script exit ' + code));","          } else {","            _self.__print__(OK_MSG, _exitMsg);","            return resolve('script exit ' + code);","          }","        });","","        _self._proc.stdin.write('exit');","        _self._proc.stdin.write(os.EOL);","        _self._proc.stdin.end();","      });","    }","  }]);","","  return Shell;","}(eventEmitter);"],"l":{"11":1,"15":1,"17":4,"19":1,"21":1,"23":1,"25":1,"27":1,"28":1,"29":1,"30":1,"31":1,"32":1,"34":1,"35":1,"36":1,"37":1,"38":1,"39":1,"50":1,"51":1,"53":1,"54":0,"66":0,"69":0,"71":0,"73":0,"75":0,"76":0,"79":0,"80":0,"81":0,"83":0,"84":0,"88":0,"91":0,"92":0,"94":0,"95":0,"97":0,"98":0,"99":0,"102":0,"103":0,"105":0,"106":0,"107":0,"108":0,"109":0,"111":0,"112":0,"115":0,"116":0,"117":0,"118":0,"122":0,"123":0,"129":0,"130":0,"133":1,"136":0,"141":0,"143":0,"144":0,"145":0,"146":0,"148":0,"149":0,"151":0,"152":0,"153":0,"154":0,"156":0,"157":0,"158":0,"160":0,"161":0,"162":0,"164":0,"165":0,"167":0,"169":0,"170":0,"171":0,"173":0,"174":0,"176":0,"181":0,"183":0,"184":0,"186":0,"187":0,"189":0,"190":0,"192":0,"193":0,"195":0,"196":0,"199":0,"200":0,"202":0,"204":0,"205":0,"206":0,"207":0,"209":0,"210":0,"214":0,"215":0,"217":0,"219":0,"223":0,"224":0,"226":0,"227":0,"228":0,"231":0,"232":0,"238":0,"239":0,"240":0,"246":0,"247":0,"248":0,"249":0,"250":0,"252":1,"253":0,"254":0,"255":0,"257":1,"258":0,"259":0,"260":0,"262":1,"263":0,"264":0,"265":0,"268":0,"269":0,"271":0,"272":0,"273":0,"274":0,"280":0,"281":0,"282":0,"283":0,"284":0,"285":0,"286":0,"287":0,"289":0,"290":0,"294":0,"295":0,"296":0,"301":1}}}